2010.10.17 09:31 B C:\SURFLOCAL\FRONT-PAGE\SURFLOCAL 2010\website\blank version\cgi-bin\surflocal2010\surflocal\Templates\ADV\ADV02\images\BottomBarraBack.jpg <-- SURFLOCAL-2010 /htdocs/Templates/ADV/ADV02/images BottomBarraBack.jpg
2010.10.17 09:31 B C:\SURFLOCAL\FRONT-PAGE\SURFLOCAL 2010\website\blank version\cgi-bin\surflocal2010\surflocal\Templates\ADV\ADV02\images\BottomCol1Back.gif <-- SURFLOCAL-2010 /htdocs/Templates/ADV/ADV02/images BottomCol1Back.gif
2010.10.17 09:31 B C:\SURFLOCAL\FRONT-PAGE\SURFLOCAL 2010\website\blank version\cgi-bin\surflocal2010\surflocal\Templates\ADV\ADV02\images\BottomCol2Back.gif <-- SURFLOCAL-2010 /htdocs/Templates/ADV/ADV02/images BottomCol2Back.gif
2010.10.17 09:31 B C:\SURFLOCAL\FRONT-PAGE\SURFLOCAL 2010\website\blank version\cgi-bin\surflocal2010\surflocal\Templates\ADV\ADV02\images\HeaderAnotherCaptionAboutSo.gif <-- SURFLOCAL-2010 /htdocs/Templates/ADV/ADV02/images HeaderAnotherCaptionAboutSo.gif
2010.10.17 09:31 B C:\SURFLOCAL\FRONT-PAGE\SURFLOCAL 2010\website\blank version\cgi-bin\surflocal2010\surflocal\Templates\ADV\ADV02\images\HeaderNews.gif <-- SURFLOCAL-2010 /htdocs/Templates/ADV/ADV02/images HeaderNews.gif
2010.10.17 09:31 B C:\SURFLOCAL\FRONT-PAGE\SURFLOCAL 2010\website\blank version\cgi-bin\surflocal2010\surflocal\Templates\ADV\ADV02\images\HeaderWelcomeToCompanyName.gif <-- SURFLOCAL-2010 /htdocs/Templates/ADV/ADV02/images HeaderWelcomeToCompanyName.gif
2010.10.17 09:31 B C:\SURFLOCAL\FRONT-PAGE\SURFLOCAL 2010\website\blank version\cgi-bin\surflocal2010\surflocal\Templates\ADV\ADV02\images\left.gif <-- SURFLOCAL-2010 /htdocs/Templates/ADV/ADV02/images left.gif
2010.10.17 09:31 B C:\SURFLOCAL\FRONT-PAGE\SURFLOCAL 2010\website\blank version\cgi-bin\surflocal2010\surflocal\Templates\ADV\ADV02\images\left.jpg <-- SURFLOCAL-2010 /htdocs/Templates/ADV/ADV02/images left.jpg
2010.10.17 09:31 B C:\SURFLOCAL\FRONT-PAGE\SURFLOCAL 2010\website\blank version\cgi-bin\surflocal2010\surflocal\Templates\ADV\ADV02\images\LinkAboutUs.gif <-- SURFLOCAL-2010 /htdocs/Templates/ADV/ADV02/images LinkAboutUs.gif
2010.10.17 09:31 B C:\SURFLOCAL\FRONT-PAGE\SURFLOCAL 2010\website\blank version\cgi-bin\surflocal2010\surflocal\Templates\ADV\ADV02\images\LinkContactUs.gif <-- SURFLOCAL-2010 /htdocs/Templates/ADV/ADV02/images LinkContactUs.gif
2010.10.17 09:31 B C:\SURFLOCAL\FRONT-PAGE\SURFLOCAL 2010\website\blank version\cgi-bin\surflocal2010\surflocal\Templates\ADV\ADV02\images\LinkPartners.gif <-- SURFLOCAL-2010 /htdocs/Templates/ADV/ADV02/images LinkPartners.gif
2010.10.17 09:31 B C:\SURFLOCAL\FRONT-PAGE\SURFLOCAL 2010\website\blank version\cgi-bin\surflocal2010\surflocal\Templates\ADV\ADV02\images\LinkProducts.gif <-- SURFLOCAL-2010 /htdocs/Templates/ADV/ADV02/images LinkProducts.gif
2010.10.17 09:31 B C:\SURFLOCAL\FRONT-PAGE\SURFLOCAL 2010\website\blank version\cgi-bin\surflocal2010\surflocal\Templates\ADV\ADV02\images\LinkProjects.gif <-- SURFLOCAL-2010 /htdocs/Templates/ADV/ADV02/images LinkProjects.gif
2010.10.17 09:31 B C:\SURFLOCAL\FRONT-PAGE\SURFLOCAL 2010\website\blank version\cgi-bin\surflocal2010\surflocal\Templates\ADV\ADV02\images\LinkResellers.gif <-- SURFLOCAL-2010 /htdocs/Templates/ADV/ADV02/images LinkResellers.gif
2010.10.17 09:31 B C:\SURFLOCAL\FRONT-PAGE\SURFLOCAL 2010\website\blank version\cgi-bin\surflocal2010\surflocal\Templates\ADV\ADV02\images\LinkSeparator.gif <-- SURFLOCAL-2010 /htdocs/Templates/ADV/ADV02/images LinkSeparator.gif
2010.10.17 09:31 B C:\SURFLOCAL\FRONT-PAGE\SURFLOCAL 2010\website\blank version\cgi-bin\surflocal2010\surflocal\Templates\ADV\ADV02\images\LinkServices.gif <-- SURFLOCAL-2010 /htdocs/Templates/ADV/ADV02/images LinkServices.gif
2010.10.17 09:31 B C:\SURFLOCAL\FRONT-PAGE\SURFLOCAL 2010\website\blank version\cgi-bin\surflocal2010\surflocal\Templates\ADV\ADV02\images\Logo.gif <-- SURFLOCAL-2010 /htdocs/Templates/ADV/ADV02/images Logo.gif
2010.10.17 09:31 B C:\SURFLOCAL\FRONT-PAGE\SURFLOCAL 2010\website\blank version\cgi-bin\surflocal2010\surflocal\Templates\ADV\ADV02\images\Main1.jpg <-- SURFLOCAL-2010 /htdocs/Templates/ADV/ADV02/images Main1.jpg
2010.10.17 09:31 B C:\SURFLOCAL\FRONT-PAGE\SURFLOCAL 2010\website\blank version\cgi-bin\surflocal2010\surflocal\Templates\ADV\ADV02\images\Main2.jpg <-- SURFLOCAL-2010 /htdocs/Templates/ADV/ADV02/images Main2.jpg
2010.10.17 09:31 B C:\SURFLOCAL\FRONT-PAGE\SURFLOCAL 2010\website\blank version\cgi-bin\surflocal2010\surflocal\Templates\ADV\ADV02\images\Main3.jpg <-- SURFLOCAL-2010 /htdocs/Templates/ADV/ADV02/images Main3.jpg
2010.10.17 09:31 B C:\SURFLOCAL\FRONT-PAGE\SURFLOCAL 2010\website\blank version\cgi-bin\surflocal2010\surflocal\Templates\ADV\ADV02\images\Main4.jpg <-- SURFLOCAL-2010 /htdocs/Templates/ADV/ADV02/images Main4.jpg
2010.10.17 09:31 B C:\SURFLOCAL\FRONT-PAGE\SURFLOCAL 2010\website\blank version\cgi-bin\surflocal2010\surflocal\Templates\ADV\ADV02\images\More.gif <-- SURFLOCAL-2010 /htdocs/Templates/ADV/ADV02/images More.gif
2010.10.17 09:31 B C:\SURFLOCAL\FRONT-PAGE\SURFLOCAL 2010\website\blank version\cgi-bin\surflocal2010\surflocal\Templates\ADV\ADV02\images\Photo1.jpg <-- SURFLOCAL-2010 /htdocs/Templates/ADV/ADV02/images Photo1.jpg
2010.10.17 09:31 B C:\SURFLOCAL\FRONT-PAGE\SURFLOCAL 2010\website\blank version\cgi-bin\surflocal2010\surflocal\Templates\ADV\ADV02\images\Photo2.jpg <-- SURFLOCAL-2010 /htdocs/Templates/ADV/ADV02/images Photo2.jpg
2010.10.17 09:31 B C:\SURFLOCAL\FRONT-PAGE\SURFLOCAL 2010\website\blank version\cgi-bin\surflocal2010\surflocal\Templates\ADV\ADV02\images\Photo3.jpg <-- SURFLOCAL-2010 /htdocs/Templates/ADV/ADV02/images Photo3.jpg
2010.10.17 09:31 B C:\SURFLOCAL\FRONT-PAGE\SURFLOCAL 2010\website\blank version\cgi-bin\surflocal2010\surflocal\Templates\ADV\ADV02\images\Photo4.jpg <-- SURFLOCAL-2010 /htdocs/Templates/ADV/ADV02/images Photo4.jpg
2010.10.17 09:31 B C:\SURFLOCAL\FRONT-PAGE\SURFLOCAL 2010\website\blank version\cgi-bin\surflocal2010\surflocal\Templates\ADV\ADV02\images\SeparadorCol1.gif <-- SURFLOCAL-2010 /htdocs/Templates/ADV/ADV02/images SeparadorCol1.gif
2010.10.17 09:31 B C:\SURFLOCAL\FRONT-PAGE\SURFLOCAL 2010\website\blank version\cgi-bin\surflocal2010\surflocal\Templates\ADV\ADV02\images\Thumbs.db <-- SURFLOCAL-2010 /htdocs/Templates/ADV/ADV02/images Thumbs.db
2010.10.17 09:31 B C:\SURFLOCAL\FRONT-PAGE\SURFLOCAL 2010\website\blank version\cgi-bin\surflocal2010\surflocal\Templates\ADV\ADV02\images\TopAboutUs.gif <-- SURFLOCAL-2010 /htdocs/Templates/ADV/ADV02/images TopAboutUs.gif
2010.10.17 09:31 B C:\SURFLOCAL\FRONT-PAGE\SURFLOCAL 2010\website\blank version\cgi-bin\surflocal2010\surflocal\Templates\ADV\ADV02\images\TopBarBack.gif <-- SURFLOCAL-2010 /htdocs/Templates/ADV/ADV02/images TopBarBack.gif
2010.10.17 09:31 B C:\SURFLOCAL\FRONT-PAGE\SURFLOCAL 2010\website\blank version\cgi-bin\surflocal2010\surflocal\Templates\ADV\ADV02\images\TopBarSeparator.gif <-- SURFLOCAL-2010 /htdocs/Templates/ADV/ADV02/images TopBarSeparator.gif
2010.10.17 09:31 B C:\SURFLOCAL\FRONT-PAGE\SURFLOCAL 2010\website\blank version\cgi-bin\surflocal2010\surflocal\Templates\ADV\ADV02\images\TopContactUs.gif <-- SURFLOCAL-2010 /htdocs/Templates/ADV/ADV02/images TopContactUs.gif
2010.10.17 09:31 B C:\SURFLOCAL\FRONT-PAGE\SURFLOCAL 2010\website\blank version\cgi-bin\surflocal2010\surflocal\Templates\ADV\ADV02\images\TopHome.gif <-- SURFLOCAL-2010 /htdocs/Templates/ADV/ADV02/images TopHome.gif
2010.10.17 09:31 B C:\SURFLOCAL\FRONT-PAGE\SURFLOCAL 2010\website\blank version\cgi-bin\surflocal2010\surflocal\Templates\ADV\ADV02\images\TopServices.gif <-- SURFLOCAL-2010 /htdocs/Templates/ADV/ADV02/images TopServices.gif
2010.10.17 09:31 B C:\SURFLOCAL\FRONT-PAGE\SURFLOCAL 2010\website\blank version\cgi-bin\surflocal2010\surflocal\Templates\ADV\ADV02\images\YourCompanyName.gif <-- SURFLOCAL-2010 /htdocs/Templates/ADV/ADV02/images YourCompanyName.gif
