2010.10.17 09:36 B C:\SURFLOCAL\FRONT-PAGE\SURFLOCAL 2010\website\blank version\cgi-bin\surflocal2010\surflocal\Templates\03bronze.gif <-- SURFLOCAL-2010 /htdocs/Templates 03bronze.gif
2010.10.17 09:36 B C:\SURFLOCAL\FRONT-PAGE\SURFLOCAL 2010\website\blank version\cgi-bin\surflocal2010\surflocal\Templates\1 <-- SURFLOCAL-2010 /htdocs/Templates 1
2010.10.17 09:36 B C:\SURFLOCAL\FRONT-PAGE\SURFLOCAL 2010\website\blank version\cgi-bin\surflocal2010\surflocal\Templates\1-june08 <-- SURFLOCAL-2010 /htdocs/Templates 1-june08
2010.10.17 09:36 B C:\SURFLOCAL\FRONT-PAGE\SURFLOCAL 2010\website\blank version\cgi-bin\surflocal2010\surflocal\Templates\1.ctemp <-- SURFLOCAL-2010 /htdocs/Templates 1.ctemp
2010.10.17 09:36 B C:\SURFLOCAL\FRONT-PAGE\SURFLOCAL 2010\website\blank version\cgi-bin\surflocal2010\surflocal\Templates\1.ctemp_031204 <-- SURFLOCAL-2010 /htdocs/Templates 1.ctemp_031204
2010.10.17 09:36 B C:\SURFLOCAL\FRONT-PAGE\SURFLOCAL 2010\website\blank version\cgi-bin\surflocal2010\surflocal\Templates\1.ctemp_111604 <-- SURFLOCAL-2010 /htdocs/Templates 1.ctemp_111604
2010.10.17 09:36 B C:\SURFLOCAL\FRONT-PAGE\SURFLOCAL 2010\website\blank version\cgi-bin\surflocal2010\surflocal\Templates\1.ctemp_JUNE05 <-- SURFLOCAL-2010 /htdocs/Templates 1.ctemp_JUNE05
2010.10.17 09:36 B C:\SURFLOCAL\FRONT-PAGE\SURFLOCAL 2010\website\blank version\cgi-bin\surflocal2010\surflocal\Templates\1.ctemp~ <-- SURFLOCAL-2010 /htdocs/Templates 1.ctemp~
2010.10.17 09:36 B C:\SURFLOCAL\FRONT-PAGE\SURFLOCAL 2010\website\blank version\cgi-bin\surflocal2010\surflocal\Templates\1.jpg <-- SURFLOCAL-2010 /htdocs/Templates 1.jpg
2010.10.17 09:36 B C:\SURFLOCAL\FRONT-PAGE\SURFLOCAL 2010\website\blank version\cgi-bin\surflocal2010\surflocal\Templates\10 <-- SURFLOCAL-2010 /htdocs/Templates 10
2010.10.17 09:36 B C:\SURFLOCAL\FRONT-PAGE\SURFLOCAL 2010\website\blank version\cgi-bin\surflocal2010\surflocal\Templates\10-S <-- SURFLOCAL-2010 /htdocs/Templates 10-S
2010.10.17 09:36 B C:\SURFLOCAL\FRONT-PAGE\SURFLOCAL 2010\website\blank version\cgi-bin\surflocal2010\surflocal\Templates\10_0804 <-- SURFLOCAL-2010 /htdocs/Templates 10_0804
2010.10.17 09:36 B C:\SURFLOCAL\FRONT-PAGE\SURFLOCAL 2010\website\blank version\cgi-bin\surflocal2010\surflocal\Templates\10_june2405 <-- SURFLOCAL-2010 /htdocs/Templates 10_june2405
2010.10.17 09:36 B C:\SURFLOCAL\FRONT-PAGE\SURFLOCAL 2010\website\blank version\cgi-bin\surflocal2010\surflocal\Templates\11 <-- SURFLOCAL-2010 /htdocs/Templates 11
2010.10.17 09:36 B C:\SURFLOCAL\FRONT-PAGE\SURFLOCAL 2010\website\blank version\cgi-bin\surflocal2010\surflocal\Templates\12 <-- SURFLOCAL-2010 /htdocs/Templates 12
2010.10.17 09:36 B C:\SURFLOCAL\FRONT-PAGE\SURFLOCAL 2010\website\blank version\cgi-bin\surflocal2010\surflocal\Templates\13 <-- SURFLOCAL-2010 /htdocs/Templates 13
2010.10.17 09:36 B C:\SURFLOCAL\FRONT-PAGE\SURFLOCAL 2010\website\blank version\cgi-bin\surflocal2010\surflocal\Templates\14 <-- SURFLOCAL-2010 /htdocs/Templates 14
2010.10.17 09:36 B C:\SURFLOCAL\FRONT-PAGE\SURFLOCAL 2010\website\blank version\cgi-bin\surflocal2010\surflocal\Templates\15 <-- SURFLOCAL-2010 /htdocs/Templates 15
2010.10.17 09:36 B C:\SURFLOCAL\FRONT-PAGE\SURFLOCAL 2010\website\blank version\cgi-bin\surflocal2010\surflocal\Templates\16 <-- SURFLOCAL-2010 /htdocs/Templates 16
2010.10.17 09:36 B C:\SURFLOCAL\FRONT-PAGE\SURFLOCAL 2010\website\blank version\cgi-bin\surflocal2010\surflocal\Templates\17 <-- SURFLOCAL-2010 /htdocs/Templates 17
2010.10.17 09:36 B C:\SURFLOCAL\FRONT-PAGE\SURFLOCAL 2010\website\blank version\cgi-bin\surflocal2010\surflocal\Templates\18 <-- SURFLOCAL-2010 /htdocs/Templates 18
2010.10.17 09:36 B C:\SURFLOCAL\FRONT-PAGE\SURFLOCAL 2010\website\blank version\cgi-bin\surflocal2010\surflocal\Templates\19 <-- SURFLOCAL-2010 /htdocs/Templates 19
2010.10.17 09:36 B C:\SURFLOCAL\FRONT-PAGE\SURFLOCAL 2010\website\blank version\cgi-bin\surflocal2010\surflocal\Templates\1_102304 <-- SURFLOCAL-2010 /htdocs/Templates 1_102304
2010.10.17 09:36 B C:\SURFLOCAL\FRONT-PAGE\SURFLOCAL 2010\website\blank version\cgi-bin\surflocal2010\surflocal\Templates\2 <-- SURFLOCAL-2010 /htdocs/Templates 2
2010.10.17 09:36 B C:\SURFLOCAL\FRONT-PAGE\SURFLOCAL 2010\website\blank version\cgi-bin\surflocal2010\surflocal\Templates\2.ctemp <-- SURFLOCAL-2010 /htdocs/Templates 2.ctemp
2010.10.17 09:36 B C:\SURFLOCAL\FRONT-PAGE\SURFLOCAL 2010\website\blank version\cgi-bin\surflocal2010\surflocal\Templates\2.ctemp-807 <-- SURFLOCAL-2010 /htdocs/Templates 2.ctemp-807
2010.10.17 09:36 B C:\SURFLOCAL\FRONT-PAGE\SURFLOCAL 2010\website\blank version\cgi-bin\surflocal2010\surflocal\Templates\2.ctemp_031204 <-- SURFLOCAL-2010 /htdocs/Templates 2.ctemp_031204
2010.10.17 09:36 B C:\SURFLOCAL\FRONT-PAGE\SURFLOCAL 2010\website\blank version\cgi-bin\surflocal2010\surflocal\Templates\2.ctemp_111604 <-- SURFLOCAL-2010 /htdocs/Templates 2.ctemp_111604
2010.10.17 09:36 B C:\SURFLOCAL\FRONT-PAGE\SURFLOCAL 2010\website\blank version\cgi-bin\surflocal2010\surflocal\Templates\2.ctemp_june05 <-- SURFLOCAL-2010 /htdocs/Templates 2.ctemp_june05
2010.10.17 09:36 B C:\SURFLOCAL\FRONT-PAGE\SURFLOCAL 2010\website\blank version\cgi-bin\surflocal2010\surflocal\Templates\20 <-- SURFLOCAL-2010 /htdocs/Templates 20
2010.10.17 09:36 B C:\SURFLOCAL\FRONT-PAGE\SURFLOCAL 2010\website\blank version\cgi-bin\surflocal2010\surflocal\Templates\21 <-- SURFLOCAL-2010 /htdocs/Templates 21
2010.10.17 09:36 B C:\SURFLOCAL\FRONT-PAGE\SURFLOCAL 2010\website\blank version\cgi-bin\surflocal2010\surflocal\Templates\22 <-- SURFLOCAL-2010 /htdocs/Templates 22
2010.10.17 09:36 B C:\SURFLOCAL\FRONT-PAGE\SURFLOCAL 2010\website\blank version\cgi-bin\surflocal2010\surflocal\Templates\23 <-- SURFLOCAL-2010 /htdocs/Templates 23
2010.10.17 09:36 B C:\SURFLOCAL\FRONT-PAGE\SURFLOCAL 2010\website\blank version\cgi-bin\surflocal2010\surflocal\Templates\25 <-- SURFLOCAL-2010 /htdocs/Templates 25
2010.10.17 09:36 B C:\SURFLOCAL\FRONT-PAGE\SURFLOCAL 2010\website\blank version\cgi-bin\surflocal2010\surflocal\Templates\25_0305 <-- SURFLOCAL-2010 /htdocs/Templates 25_0305
2010.10.17 09:36 B C:\SURFLOCAL\FRONT-PAGE\SURFLOCAL 2010\website\blank version\cgi-bin\surflocal2010\surflocal\Templates\26 <-- SURFLOCAL-2010 /htdocs/Templates 26
2010.10.17 09:36 B C:\SURFLOCAL\FRONT-PAGE\SURFLOCAL 2010\website\blank version\cgi-bin\surflocal2010\surflocal\Templates\27 <-- SURFLOCAL-2010 /htdocs/Templates 27
2010.10.17 09:36 B C:\SURFLOCAL\FRONT-PAGE\SURFLOCAL 2010\website\blank version\cgi-bin\surflocal2010\surflocal\Templates\28 <-- SURFLOCAL-2010 /htdocs/Templates 28
2010.10.17 09:36 B C:\SURFLOCAL\FRONT-PAGE\SURFLOCAL 2010\website\blank version\cgi-bin\surflocal2010\surflocal\Templates\28_1 <-- SURFLOCAL-2010 /htdocs/Templates 28_1
2010.10.17 09:36 B C:\SURFLOCAL\FRONT-PAGE\SURFLOCAL 2010\website\blank version\cgi-bin\surflocal2010\surflocal\Templates\29 <-- SURFLOCAL-2010 /htdocs/Templates 29
2010.10.17 09:36 B C:\SURFLOCAL\FRONT-PAGE\SURFLOCAL 2010\website\blank version\cgi-bin\surflocal2010\surflocal\Templates\2_1-out2.jpg <-- SURFLOCAL-2010 /htdocs/Templates 2_1-out2.jpg
2010.10.17 09:36 B C:\SURFLOCAL\FRONT-PAGE\SURFLOCAL 2010\website\blank version\cgi-bin\surflocal2010\surflocal\Templates\3 <-- SURFLOCAL-2010 /htdocs/Templates 3
2010.10.17 09:36 B C:\SURFLOCAL\FRONT-PAGE\SURFLOCAL 2010\website\blank version\cgi-bin\surflocal2010\surflocal\Templates\3.ctemp <-- SURFLOCAL-2010 /htdocs/Templates 3.ctemp
2010.10.17 09:36 B C:\SURFLOCAL\FRONT-PAGE\SURFLOCAL 2010\website\blank version\cgi-bin\surflocal2010\surflocal\Templates\3.ctemp_june05 <-- SURFLOCAL-2010 /htdocs/Templates 3.ctemp_june05
2010.10.17 09:36 B C:\SURFLOCAL\FRONT-PAGE\SURFLOCAL 2010\website\blank version\cgi-bin\surflocal2010\surflocal\Templates\30 <-- SURFLOCAL-2010 /htdocs/Templates 30
2010.10.17 09:36 B C:\SURFLOCAL\FRONT-PAGE\SURFLOCAL 2010\website\blank version\cgi-bin\surflocal2010\surflocal\Templates\31 <-- SURFLOCAL-2010 /htdocs/Templates 31
2010.10.17 09:36 B C:\SURFLOCAL\FRONT-PAGE\SURFLOCAL 2010\website\blank version\cgi-bin\surflocal2010\surflocal\Templates\32 <-- SURFLOCAL-2010 /htdocs/Templates 32
2010.10.17 09:36 B C:\SURFLOCAL\FRONT-PAGE\SURFLOCAL 2010\website\blank version\cgi-bin\surflocal2010\surflocal\Templates\33 <-- SURFLOCAL-2010 /htdocs/Templates 33
2010.10.17 09:36 B C:\SURFLOCAL\FRONT-PAGE\SURFLOCAL 2010\website\blank version\cgi-bin\surflocal2010\surflocal\Templates\34 <-- SURFLOCAL-2010 /htdocs/Templates 34
2010.10.17 09:36 B C:\SURFLOCAL\FRONT-PAGE\SURFLOCAL 2010\website\blank version\cgi-bin\surflocal2010\surflocal\Templates\35 <-- SURFLOCAL-2010 /htdocs/Templates 35
2010.10.17 09:36 B C:\SURFLOCAL\FRONT-PAGE\SURFLOCAL 2010\website\blank version\cgi-bin\surflocal2010\surflocal\Templates\36 <-- SURFLOCAL-2010 /htdocs/Templates 36
2010.10.17 09:36 B C:\SURFLOCAL\FRONT-PAGE\SURFLOCAL 2010\website\blank version\cgi-bin\surflocal2010\surflocal\Templates\37 <-- SURFLOCAL-2010 /htdocs/Templates 37
2010.10.17 09:36 B C:\SURFLOCAL\FRONT-PAGE\SURFLOCAL 2010\website\blank version\cgi-bin\surflocal2010\surflocal\Templates\37-RE <-- SURFLOCAL-2010 /htdocs/Templates 37-RE
2010.10.17 09:36 B C:\SURFLOCAL\FRONT-PAGE\SURFLOCAL 2010\website\blank version\cgi-bin\surflocal2010\surflocal\Templates\38 <-- SURFLOCAL-2010 /htdocs/Templates 38
2010.10.17 09:36 B C:\SURFLOCAL\FRONT-PAGE\SURFLOCAL 2010\website\blank version\cgi-bin\surflocal2010\surflocal\Templates\39 <-- SURFLOCAL-2010 /htdocs/Templates 39
2010.10.17 09:36 B C:\SURFLOCAL\FRONT-PAGE\SURFLOCAL 2010\website\blank version\cgi-bin\surflocal2010\surflocal\Templates\4 <-- SURFLOCAL-2010 /htdocs/Templates 4
2010.10.17 09:36 B C:\SURFLOCAL\FRONT-PAGE\SURFLOCAL 2010\website\blank version\cgi-bin\surflocal2010\surflocal\Templates\4.ctemp <-- SURFLOCAL-2010 /htdocs/Templates 4.ctemp
2010.10.17 09:36 B C:\SURFLOCAL\FRONT-PAGE\SURFLOCAL 2010\website\blank version\cgi-bin\surflocal2010\surflocal\Templates\4.ctemp~~ <-- SURFLOCAL-2010 /htdocs/Templates 4.ctemp~~
2010.10.17 09:36 B C:\SURFLOCAL\FRONT-PAGE\SURFLOCAL 2010\website\blank version\cgi-bin\surflocal2010\surflocal\Templates\40 <-- SURFLOCAL-2010 /htdocs/Templates 40
2010.10.17 09:36 B C:\SURFLOCAL\FRONT-PAGE\SURFLOCAL 2010\website\blank version\cgi-bin\surflocal2010\surflocal\Templates\41 <-- SURFLOCAL-2010 /htdocs/Templates 41
2010.10.17 09:36 B C:\SURFLOCAL\FRONT-PAGE\SURFLOCAL 2010\website\blank version\cgi-bin\surflocal2010\surflocal\Templates\41b <-- SURFLOCAL-2010 /htdocs/Templates 41b
2010.10.17 09:37 B C:\SURFLOCAL\FRONT-PAGE\SURFLOCAL 2010\website\blank version\cgi-bin\surflocal2010\surflocal\Templates\41~ <-- SURFLOCAL-2010 /htdocs/Templates 41~
2010.10.17 09:37 B C:\SURFLOCAL\FRONT-PAGE\SURFLOCAL 2010\website\blank version\cgi-bin\surflocal2010\surflocal\Templates\42 <-- SURFLOCAL-2010 /htdocs/Templates 42
2010.10.17 09:37 B C:\SURFLOCAL\FRONT-PAGE\SURFLOCAL 2010\website\blank version\cgi-bin\surflocal2010\surflocal\Templates\4_020904 <-- SURFLOCAL-2010 /htdocs/Templates 4_020904
2010.10.17 09:37 B C:\SURFLOCAL\FRONT-PAGE\SURFLOCAL 2010\website\blank version\cgi-bin\surflocal2010\surflocal\Templates\4_pageimage <-- SURFLOCAL-2010 /htdocs/Templates 4_pageimage
2010.10.17 09:37 B C:\SURFLOCAL\FRONT-PAGE\SURFLOCAL 2010\website\blank version\cgi-bin\surflocal2010\surflocal\Templates\5 <-- SURFLOCAL-2010 /htdocs/Templates 5
2010.10.17 09:37 B C:\SURFLOCAL\FRONT-PAGE\SURFLOCAL 2010\website\blank version\cgi-bin\surflocal2010\surflocal\Templates\5.ctemp <-- SURFLOCAL-2010 /htdocs/Templates 5.ctemp
2010.10.17 09:37 B C:\SURFLOCAL\FRONT-PAGE\SURFLOCAL 2010\website\blank version\cgi-bin\surflocal2010\surflocal\Templates\5_1204 <-- SURFLOCAL-2010 /htdocs/Templates 5_1204
2010.10.17 09:37 B C:\SURFLOCAL\FRONT-PAGE\SURFLOCAL 2010\website\blank version\cgi-bin\surflocal2010\surflocal\Templates\5_not <-- SURFLOCAL-2010 /htdocs/Templates 5_not
2010.10.17 09:37 B C:\SURFLOCAL\FRONT-PAGE\SURFLOCAL 2010\website\blank version\cgi-bin\surflocal2010\surflocal\Templates\6 <-- SURFLOCAL-2010 /htdocs/Templates 6
2010.10.17 09:37 B C:\SURFLOCAL\FRONT-PAGE\SURFLOCAL 2010\website\blank version\cgi-bin\surflocal2010\surflocal\Templates\6_111804 <-- SURFLOCAL-2010 /htdocs/Templates 6_111804
2010.10.17 09:37 B C:\SURFLOCAL\FRONT-PAGE\SURFLOCAL 2010\website\blank version\cgi-bin\surflocal2010\surflocal\Templates\6_112804 <-- SURFLOCAL-2010 /htdocs/Templates 6_112804
2010.10.17 09:37 B C:\SURFLOCAL\FRONT-PAGE\SURFLOCAL 2010\website\blank version\cgi-bin\surflocal2010\surflocal\Templates\7 <-- SURFLOCAL-2010 /htdocs/Templates 7
2010.10.17 09:37 B C:\SURFLOCAL\FRONT-PAGE\SURFLOCAL 2010\website\blank version\cgi-bin\surflocal2010\surflocal\Templates\7_0204 <-- SURFLOCAL-2010 /htdocs/Templates 7_0204
2010.10.17 09:37 B C:\SURFLOCAL\FRONT-PAGE\SURFLOCAL 2010\website\blank version\cgi-bin\surflocal2010\surflocal\Templates\7_0304 <-- SURFLOCAL-2010 /htdocs/Templates 7_0304
2010.10.17 09:37 B C:\SURFLOCAL\FRONT-PAGE\SURFLOCAL 2010\website\blank version\cgi-bin\surflocal2010\surflocal\Templates\8 <-- SURFLOCAL-2010 /htdocs/Templates 8
2010.10.17 09:37 B C:\SURFLOCAL\FRONT-PAGE\SURFLOCAL 2010\website\blank version\cgi-bin\surflocal2010\surflocal\Templates\9 <-- SURFLOCAL-2010 /htdocs/Templates 9
2010.10.17 09:37 B C:\SURFLOCAL\FRONT-PAGE\SURFLOCAL 2010\website\blank version\cgi-bin\surflocal2010\surflocal\Templates\9_two <-- SURFLOCAL-2010 /htdocs/Templates 9_two
2010.10.17 09:37 B C:\SURFLOCAL\FRONT-PAGE\SURFLOCAL 2010\website\blank version\cgi-bin\surflocal2010\surflocal\Templates\9a <-- SURFLOCAL-2010 /htdocs/Templates 9a
2010.10.17 09:37 B C:\SURFLOCAL\FRONT-PAGE\SURFLOCAL 2010\website\blank version\cgi-bin\surflocal2010\surflocal\Templates\ADV02 <-- SURFLOCAL-2010 /htdocs/Templates ADV02
2010.10.17 09:37 B C:\SURFLOCAL\FRONT-PAGE\SURFLOCAL 2010\website\blank version\cgi-bin\surflocal2010\surflocal\Templates\ADV02~ <-- SURFLOCAL-2010 /htdocs/Templates ADV02~
2010.10.17 09:37 B C:\SURFLOCAL\FRONT-PAGE\SURFLOCAL 2010\website\blank version\cgi-bin\surflocal2010\surflocal\Templates\ADV03 <-- SURFLOCAL-2010 /htdocs/Templates ADV03
2010.10.17 09:37 B C:\SURFLOCAL\FRONT-PAGE\SURFLOCAL 2010\website\blank version\cgi-bin\surflocal2010\surflocal\Templates\ADV04 <-- SURFLOCAL-2010 /htdocs/Templates ADV04
2010.10.17 09:37 B C:\SURFLOCAL\FRONT-PAGE\SURFLOCAL 2010\website\blank version\cgi-bin\surflocal2010\surflocal\Templates\ADV05 <-- SURFLOCAL-2010 /htdocs/Templates ADV05
2010.10.17 09:37 B C:\SURFLOCAL\FRONT-PAGE\SURFLOCAL 2010\website\blank version\cgi-bin\surflocal2010\surflocal\Templates\advertise.jpg <-- SURFLOCAL-2010 /htdocs/Templates advertise.jpg
2010.10.17 09:37 B C:\SURFLOCAL\FRONT-PAGE\SURFLOCAL 2010\website\blank version\cgi-bin\surflocal2010\surflocal\Templates\anfy.class <-- SURFLOCAL-2010 /htdocs/Templates anfy.class
2010.10.17 09:37 B C:\SURFLOCAL\FRONT-PAGE\SURFLOCAL 2010\website\blank version\cgi-bin\surflocal2010\surflocal\Templates\AnLake.class <-- SURFLOCAL-2010 /htdocs/Templates AnLake.class
2010.10.17 09:37 B C:\SURFLOCAL\FRONT-PAGE\SURFLOCAL 2010\website\blank version\cgi-bin\surflocal2010\surflocal\Templates\AnLake.jar <-- SURFLOCAL-2010 /htdocs/Templates AnLake.jar
2010.10.17 09:37 B C:\SURFLOCAL\FRONT-PAGE\SURFLOCAL 2010\website\blank version\cgi-bin\surflocal2010\surflocal\Templates\AO_ButtonTemp.html <-- SURFLOCAL-2010 /htdocs/Templates AO_ButtonTemp.html
2010.10.17 09:37 B C:\SURFLOCAL\FRONT-PAGE\SURFLOCAL 2010\website\blank version\cgi-bin\surflocal2010\surflocal\Templates\auto01 <-- SURFLOCAL-2010 /htdocs/Templates auto01
2010.10.17 09:37 B C:\SURFLOCAL\FRONT-PAGE\SURFLOCAL 2010\website\blank version\cgi-bin\surflocal2010\surflocal\Templates\basiccalendar.js <-- SURFLOCAL-2010 /htdocs/Templates basiccalendar.js
2010.10.17 09:37 B C:\SURFLOCAL\FRONT-PAGE\SURFLOCAL 2010\website\blank version\cgi-bin\surflocal2010\surflocal\Templates\BIZ01 <-- SURFLOCAL-2010 /htdocs/Templates BIZ01
2010.10.17 09:37 B C:\SURFLOCAL\FRONT-PAGE\SURFLOCAL 2010\website\blank version\cgi-bin\surflocal2010\surflocal\Templates\blue_search.gif <-- SURFLOCAL-2010 /htdocs/Templates blue_search.gif
2010.10.17 09:37 B C:\SURFLOCAL\FRONT-PAGE\SURFLOCAL 2010\website\blank version\cgi-bin\surflocal2010\surflocal\Templates\blue_table.jpg <-- SURFLOCAL-2010 /htdocs/Templates blue_table.jpg
2010.10.17 09:37 B C:\SURFLOCAL\FRONT-PAGE\SURFLOCAL 2010\website\blank version\cgi-bin\surflocal2010\surflocal\Templates\bottom-strip.jpg <-- SURFLOCAL-2010 /htdocs/Templates bottom-strip.jpg
2010.10.17 09:37 B C:\SURFLOCAL\FRONT-PAGE\SURFLOCAL 2010\website\blank version\cgi-bin\surflocal2010\surflocal\Templates\but01.swf <-- SURFLOCAL-2010 /htdocs/Templates but01.swf
2010.10.17 09:37 B C:\SURFLOCAL\FRONT-PAGE\SURFLOCAL 2010\website\blank version\cgi-bin\surflocal2010\surflocal\Templates\button-text-table.html <-- SURFLOCAL-2010 /htdocs/Templates button-text-table.html
2010.10.17 09:37 B C:\SURFLOCAL\FRONT-PAGE\SURFLOCAL 2010\website\blank version\cgi-bin\surflocal2010\surflocal\Templates\ButtonEditBackgroundImage <-- SURFLOCAL-2010 /htdocs/Templates ButtonEditBackgroundImage
2010.10.17 09:37 B C:\SURFLOCAL\FRONT-PAGE\SURFLOCAL 2010\website\blank version\cgi-bin\surflocal2010\surflocal\Templates\ButtonEditButtonColor <-- SURFLOCAL-2010 /htdocs/Templates ButtonEditButtonColor
2010.10.17 09:37 B C:\SURFLOCAL\FRONT-PAGE\SURFLOCAL 2010\website\blank version\cgi-bin\surflocal2010\surflocal\Templates\ButtonEditButtonFont <-- SURFLOCAL-2010 /htdocs/Templates ButtonEditButtonFont
2010.10.17 09:37 B C:\SURFLOCAL\FRONT-PAGE\SURFLOCAL 2010\website\blank version\cgi-bin\surflocal2010\surflocal\Templates\ButtonEditButtonFontColor <-- SURFLOCAL-2010 /htdocs/Templates ButtonEditButtonFontColor
2010.10.17 09:37 B C:\SURFLOCAL\FRONT-PAGE\SURFLOCAL 2010\website\blank version\cgi-bin\surflocal2010\surflocal\Templates\ButtonEditFontColor <-- SURFLOCAL-2010 /htdocs/Templates ButtonEditFontColor
2010.10.17 09:37 B C:\SURFLOCAL\FRONT-PAGE\SURFLOCAL 2010\website\blank version\cgi-bin\surflocal2010\surflocal\Templates\ButtonEditPreview.html <-- SURFLOCAL-2010 /htdocs/Templates ButtonEditPreview.html
2010.10.17 09:37 B C:\SURFLOCAL\FRONT-PAGE\SURFLOCAL 2010\website\blank version\cgi-bin\surflocal2010\surflocal\Templates\ButtonEditTemplate.html <-- SURFLOCAL-2010 /htdocs/Templates ButtonEditTemplate.html
2010.10.17 09:37 B C:\SURFLOCAL\FRONT-PAGE\SURFLOCAL 2010\website\blank version\cgi-bin\surflocal2010\surflocal\Templates\ButtonPreview.html <-- SURFLOCAL-2010 /htdocs/Templates ButtonPreview.html
2010.10.17 09:37 B C:\SURFLOCAL\FRONT-PAGE\SURFLOCAL 2010\website\blank version\cgi-bin\surflocal2010\surflocal\Templates\ButtonTemp.html <-- SURFLOCAL-2010 /htdocs/Templates ButtonTemp.html
2010.10.17 09:37 B C:\SURFLOCAL\FRONT-PAGE\SURFLOCAL 2010\website\blank version\cgi-bin\surflocal2010\surflocal\Templates\ButtonTemp.html~~ <-- SURFLOCAL-2010 /htdocs/Templates ButtonTemp.html~~
2010.10.17 09:37 B C:\SURFLOCAL\FRONT-PAGE\SURFLOCAL 2010\website\blank version\cgi-bin\surflocal2010\surflocal\Templates\ButtonTemplate.html <-- SURFLOCAL-2010 /htdocs/Templates ButtonTemplate.html
2010.10.17 09:37 B C:\SURFLOCAL\FRONT-PAGE\SURFLOCAL 2010\website\blank version\cgi-bin\surflocal2010\surflocal\Templates\ButtonTemplate.html~ <-- SURFLOCAL-2010 /htdocs/Templates ButtonTemplate.html~
2010.10.17 09:37 B C:\SURFLOCAL\FRONT-PAGE\SURFLOCAL 2010\website\blank version\cgi-bin\surflocal2010\surflocal\Templates\CartHeader <-- SURFLOCAL-2010 /htdocs/Templates CartHeader
2010.10.17 09:37 B C:\SURFLOCAL\FRONT-PAGE\SURFLOCAL 2010\website\blank version\cgi-bin\surflocal2010\surflocal\Templates\category-table-back.jpg <-- SURFLOCAL-2010 /htdocs/Templates category-table-back.jpg
2010.10.17 09:37 B C:\SURFLOCAL\FRONT-PAGE\SURFLOCAL 2010\website\blank version\cgi-bin\surflocal2010\surflocal\Templates\CategoryList <-- SURFLOCAL-2010 /htdocs/Templates CategoryList
2010.10.17 09:37 B C:\SURFLOCAL\FRONT-PAGE\SURFLOCAL 2010\website\blank version\cgi-bin\surflocal2010\surflocal\Templates\ChooseCities.html <-- SURFLOCAL-2010 /htdocs/Templates ChooseCities.html
2010.10.17 09:37 B C:\SURFLOCAL\FRONT-PAGE\SURFLOCAL 2010\website\blank version\cgi-bin\surflocal2010\surflocal\Templates\ChooseCities2.html <-- SURFLOCAL-2010 /htdocs/Templates ChooseCities2.html
2010.10.17 09:37 B C:\SURFLOCAL\FRONT-PAGE\SURFLOCAL 2010\website\blank version\cgi-bin\surflocal2010\surflocal\Templates\ChooseCities2T.html <-- SURFLOCAL-2010 /htdocs/Templates ChooseCities2T.html
2010.10.17 09:37 B C:\SURFLOCAL\FRONT-PAGE\SURFLOCAL 2010\website\blank version\cgi-bin\surflocal2010\surflocal\Templates\ChooseCitiesT.html <-- SURFLOCAL-2010 /htdocs/Templates ChooseCitiesT.html
2010.10.17 09:37 B C:\SURFLOCAL\FRONT-PAGE\SURFLOCAL 2010\website\blank version\cgi-bin\surflocal2010\surflocal\Templates\CHREAL_ButtonTemp.html <-- SURFLOCAL-2010 /htdocs/Templates CHREAL_ButtonTemp.html
2010.10.17 09:37 B C:\SURFLOCAL\FRONT-PAGE\SURFLOCAL 2010\website\blank version\cgi-bin\surflocal2010\surflocal\Templates\CHROTARY_ButtonTemp.html <-- SURFLOCAL-2010 /htdocs/Templates CHROTARY_ButtonTemp.html
2010.10.17 09:37 B C:\SURFLOCAL\FRONT-PAGE\SURFLOCAL 2010\website\blank version\cgi-bin\surflocal2010\surflocal\Templates\city-back.jpg <-- SURFLOCAL-2010 /htdocs/Templates city-back.jpg
2010.10.17 09:37 B C:\SURFLOCAL\FRONT-PAGE\SURFLOCAL 2010\website\blank version\cgi-bin\surflocal2010\surflocal\Templates\city-back.jpg~~ <-- SURFLOCAL-2010 /htdocs/Templates city-back.jpg~~
2010.10.17 09:37 B C:\SURFLOCAL\FRONT-PAGE\SURFLOCAL 2010\website\blank version\cgi-bin\surflocal2010\surflocal\Templates\city-back2.jpg <-- SURFLOCAL-2010 /htdocs/Templates city-back2.jpg
2010.10.17 09:37 B C:\SURFLOCAL\FRONT-PAGE\SURFLOCAL 2010\website\blank version\cgi-bin\surflocal2010\surflocal\Templates\city-back3-inner.jpg <-- SURFLOCAL-2010 /htdocs/Templates city-back3-inner.jpg
2010.10.17 09:37 B C:\SURFLOCAL\FRONT-PAGE\SURFLOCAL 2010\website\blank version\cgi-bin\surflocal2010\surflocal\Templates\city-back3.jpg <-- SURFLOCAL-2010 /htdocs/Templates city-back3.jpg
2010.10.17 09:37 B C:\SURFLOCAL\FRONT-PAGE\SURFLOCAL 2010\website\blank version\cgi-bin\surflocal2010\surflocal\Templates\city1.html <-- SURFLOCAL-2010 /htdocs/Templates city1.html
2010.10.17 09:37 B C:\SURFLOCAL\FRONT-PAGE\SURFLOCAL 2010\website\blank version\cgi-bin\surflocal2010\surflocal\Templates\city2.html <-- SURFLOCAL-2010 /htdocs/Templates city2.html
2010.10.17 09:37 B C:\SURFLOCAL\FRONT-PAGE\SURFLOCAL 2010\website\blank version\cgi-bin\surflocal2010\surflocal\Templates\city3.html <-- SURFLOCAL-2010 /htdocs/Templates city3.html
2010.10.17 09:37 B C:\SURFLOCAL\FRONT-PAGE\SURFLOCAL 2010\website\blank version\cgi-bin\surflocal2010\surflocal\Templates\city4.html <-- SURFLOCAL-2010 /htdocs/Templates city4.html
2010.10.17 09:37 B C:\SURFLOCAL\FRONT-PAGE\SURFLOCAL 2010\website\blank version\cgi-bin\surflocal2010\surflocal\Templates\city5.html <-- SURFLOCAL-2010 /htdocs/Templates city5.html
2010.10.17 09:37 B C:\SURFLOCAL\FRONT-PAGE\SURFLOCAL 2010\website\blank version\cgi-bin\surflocal2010\surflocal\Templates\COINTL_ButtonTemp.html <-- SURFLOCAL-2010 /htdocs/Templates COINTL_ButtonTemp.html
2010.10.17 09:37 B C:\SURFLOCAL\FRONT-PAGE\SURFLOCAL 2010\website\blank version\cgi-bin\surflocal2010\surflocal\Templates\COOP_ProductTemp.html <-- SURFLOCAL-2010 /htdocs/Templates COOP_ProductTemp.html
2010.10.17 09:37 B C:\SURFLOCAL\FRONT-PAGE\SURFLOCAL 2010\website\blank version\cgi-bin\surflocal2010\surflocal\Templates\country_button_page.html <-- SURFLOCAL-2010 /htdocs/Templates country_button_page.html
2010.10.17 09:37 B C:\SURFLOCAL\FRONT-PAGE\SURFLOCAL 2010\website\blank version\cgi-bin\surflocal2010\surflocal\Templates\CouponAdTemplate.html <-- SURFLOCAL-2010 /htdocs/Templates CouponAdTemplate.html
2010.10.17 09:38 B C:\SURFLOCAL\FRONT-PAGE\SURFLOCAL 2010\website\blank version\cgi-bin\surflocal2010\surflocal\Templates\CouponMasterData.txt <-- SURFLOCAL-2010 /htdocs/Templates CouponMasterData.txt
2010.10.17 09:38 B C:\SURFLOCAL\FRONT-PAGE\SURFLOCAL 2010\website\blank version\cgi-bin\surflocal2010\surflocal\Templates\CouponMasterData.txt~ <-- SURFLOCAL-2010 /htdocs/Templates CouponMasterData.txt~
2010.10.17 09:38 B C:\SURFLOCAL\FRONT-PAGE\SURFLOCAL 2010\website\blank version\cgi-bin\surflocal2010\surflocal\Templates\CouponTemp.html <-- SURFLOCAL-2010 /htdocs/Templates CouponTemp.html
2010.10.17 09:38 B C:\SURFLOCAL\FRONT-PAGE\SURFLOCAL 2010\website\blank version\cgi-bin\surflocal2010\surflocal\Templates\CouponTemplates.html <-- SURFLOCAL-2010 /htdocs/Templates CouponTemplates.html
2010.10.17 09:38 B C:\SURFLOCAL\FRONT-PAGE\SURFLOCAL 2010\website\blank version\cgi-bin\surflocal2010\surflocal\Templates\CouponTemplates.html_031204 <-- SURFLOCAL-2010 /htdocs/Templates CouponTemplates.html_031204
2010.10.17 09:38 B C:\SURFLOCAL\FRONT-PAGE\SURFLOCAL 2010\website\blank version\cgi-bin\surflocal2010\surflocal\Templates\CouponTemplates.html_05 <-- SURFLOCAL-2010 /htdocs/Templates CouponTemplates.html_05
2010.10.17 09:38 B C:\SURFLOCAL\FRONT-PAGE\SURFLOCAL 2010\website\blank version\cgi-bin\surflocal2010\surflocal\Templates\CouponTemplates.html_june05 <-- SURFLOCAL-2010 /htdocs/Templates CouponTemplates.html_june05
2010.10.17 09:38 B C:\SURFLOCAL\FRONT-PAGE\SURFLOCAL 2010\website\blank version\cgi-bin\surflocal2010\surflocal\Templates\CouponUpload.html <-- SURFLOCAL-2010 /htdocs/Templates CouponUpload.html
2010.10.17 09:38 B C:\SURFLOCAL\FRONT-PAGE\SURFLOCAL 2010\website\blank version\cgi-bin\surflocal2010\surflocal\Templates\CREAL_ButtonTemp.html <-- SURFLOCAL-2010 /htdocs/Templates CREAL_ButtonTemp.html
2010.10.17 09:38 B C:\SURFLOCAL\FRONT-PAGE\SURFLOCAL 2010\website\blank version\cgi-bin\surflocal2010\surflocal\Templates\css1.css <-- SURFLOCAL-2010 /htdocs/Templates css1.css
2010.10.17 09:38 B C:\SURFLOCAL\FRONT-PAGE\SURFLOCAL 2010\website\blank version\cgi-bin\surflocal2010\surflocal\Templates\DFC_ButtonTemp.html <-- SURFLOCAL-2010 /htdocs/Templates DFC_ButtonTemp.html
2010.10.17 09:38 B C:\SURFLOCAL\FRONT-PAGE\SURFLOCAL 2010\website\blank version\cgi-bin\surflocal2010\surflocal\Templates\Disclaimer <-- SURFLOCAL-2010 /htdocs/Templates Disclaimer
2010.10.17 09:38 B C:\SURFLOCAL\FRONT-PAGE\SURFLOCAL 2010\website\blank version\cgi-bin\surflocal2010\surflocal\Templates\Disclaimer-oct2010 <-- SURFLOCAL-2010 /htdocs/Templates Disclaimer-oct2010
2010.10.17 09:38 B C:\SURFLOCAL\FRONT-PAGE\SURFLOCAL 2010\website\blank version\cgi-bin\surflocal2010\surflocal\Templates\Disclaimer_0204 <-- SURFLOCAL-2010 /htdocs/Templates Disclaimer_0204
2010.10.17 09:38 B C:\SURFLOCAL\FRONT-PAGE\SURFLOCAL 2010\website\blank version\cgi-bin\surflocal2010\surflocal\Templates\FCP_ButtonTemp.html <-- SURFLOCAL-2010 /htdocs/Templates FCP_ButtonTemp.html
2010.10.17 09:38 B C:\SURFLOCAL\FRONT-PAGE\SURFLOCAL 2010\website\blank version\cgi-bin\surflocal2010\surflocal\Templates\front_sw.swf <-- SURFLOCAL-2010 /htdocs/Templates front_sw.swf
2010.10.17 09:38 B C:\SURFLOCAL\FRONT-PAGE\SURFLOCAL 2010\website\blank version\cgi-bin\surflocal2010\surflocal\Templates\fxmod.class <-- SURFLOCAL-2010 /htdocs/Templates fxmod.class
2010.10.17 09:38 B C:\SURFLOCAL\FRONT-PAGE\SURFLOCAL 2010\website\blank version\cgi-bin\surflocal2010\surflocal\Templates\Header <-- SURFLOCAL-2010 /htdocs/Templates Header
2010.10.17 09:38 B C:\SURFLOCAL\FRONT-PAGE\SURFLOCAL 2010\website\blank version\cgi-bin\surflocal2010\surflocal\Templates\header1 <-- SURFLOCAL-2010 /htdocs/Templates header1
2010.10.17 09:38 B C:\SURFLOCAL\FRONT-PAGE\SURFLOCAL 2010\website\blank version\cgi-bin\surflocal2010\surflocal\Templates\HeaderStep1 <-- SURFLOCAL-2010 /htdocs/Templates HeaderStep1
2010.10.17 09:38 B C:\SURFLOCAL\FRONT-PAGE\SURFLOCAL 2010\website\blank version\cgi-bin\surflocal2010\surflocal\Templates\index.html <-- SURFLOCAL-2010 /htdocs/Templates index.html
2010.10.17 09:38 B C:\SURFLOCAL\FRONT-PAGE\SURFLOCAL 2010\website\blank version\cgi-bin\surflocal2010\surflocal\Templates\IndexTemplate-april09.html <-- SURFLOCAL-2010 /htdocs/Templates IndexTemplate-april09.html
2010.10.17 09:38 B C:\SURFLOCAL\FRONT-PAGE\SURFLOCAL 2010\website\blank version\cgi-bin\surflocal2010\surflocal\Templates\IndexTemplate-bronx.html <-- SURFLOCAL-2010 /htdocs/Templates IndexTemplate-bronx.html
2010.10.17 09:38 B C:\SURFLOCAL\FRONT-PAGE\SURFLOCAL 2010\website\blank version\cgi-bin\surflocal2010\surflocal\Templates\IndexTemplate-cheyenne.html <-- SURFLOCAL-2010 /htdocs/Templates IndexTemplate-cheyenne.html
2010.10.17 09:38 B C:\SURFLOCAL\FRONT-PAGE\SURFLOCAL 2010\website\blank version\cgi-bin\surflocal2010\surflocal\Templates\IndexTemplate-ftco.html <-- SURFLOCAL-2010 /htdocs/Templates IndexTemplate-ftco.html
2010.10.17 09:38 B C:\SURFLOCAL\FRONT-PAGE\SURFLOCAL 2010\website\blank version\cgi-bin\surflocal2010\surflocal\Templates\IndexTemplate-greeley.html <-- SURFLOCAL-2010 /htdocs/Templates IndexTemplate-greeley.html
2010.10.17 09:38 B C:\SURFLOCAL\FRONT-PAGE\SURFLOCAL 2010\website\blank version\cgi-bin\surflocal2010\surflocal\Templates\IndexTemplate-lvland.html <-- SURFLOCAL-2010 /htdocs/Templates IndexTemplate-lvland.html
2010.10.17 09:38 B C:\SURFLOCAL\FRONT-PAGE\SURFLOCAL 2010\website\blank version\cgi-bin\surflocal2010\surflocal\Templates\IndexTemplate-winstonsalem.html <-- SURFLOCAL-2010 /htdocs/Templates IndexTemplate-winstonsalem.html
2010.10.17 09:38 B C:\SURFLOCAL\FRONT-PAGE\SURFLOCAL 2010\website\blank version\cgi-bin\surflocal2010\surflocal\Templates\IndexTemplate.html <-- SURFLOCAL-2010 /htdocs/Templates IndexTemplate.html
2010.10.17 09:38 B C:\SURFLOCAL\FRONT-PAGE\SURFLOCAL 2010\website\blank version\cgi-bin\surflocal2010\surflocal\Templates\IndexTemplate.html-april13 <-- SURFLOCAL-2010 /htdocs/Templates IndexTemplate.html-april13
2010.10.17 09:38 B C:\SURFLOCAL\FRONT-PAGE\SURFLOCAL 2010\website\blank version\cgi-bin\surflocal2010\surflocal\Templates\IndexTemplate.html-feb08 <-- SURFLOCAL-2010 /htdocs/Templates IndexTemplate.html-feb08
2010.10.17 09:38 B C:\SURFLOCAL\FRONT-PAGE\SURFLOCAL 2010\website\blank version\cgi-bin\surflocal2010\surflocal\Templates\IndexTemplate.html-JULY08 <-- SURFLOCAL-2010 /htdocs/Templates IndexTemplate.html-JULY08
2010.10.17 09:38 B C:\SURFLOCAL\FRONT-PAGE\SURFLOCAL 2010\website\blank version\cgi-bin\surflocal2010\surflocal\Templates\IndexTemplate.html-june8 <-- SURFLOCAL-2010 /htdocs/Templates IndexTemplate.html-june8
2010.10.17 09:38 B C:\SURFLOCAL\FRONT-PAGE\SURFLOCAL 2010\website\blank version\cgi-bin\surflocal2010\surflocal\Templates\IndexTemplate.html-may2010 <-- SURFLOCAL-2010 /htdocs/Templates IndexTemplate.html-may2010
2010.10.17 09:38 B C:\SURFLOCAL\FRONT-PAGE\SURFLOCAL 2010\website\blank version\cgi-bin\surflocal2010\surflocal\Templates\IndexTemplate.html0204 <-- SURFLOCAL-2010 /htdocs/Templates IndexTemplate.html0204
2010.10.17 09:38 B C:\SURFLOCAL\FRONT-PAGE\SURFLOCAL 2010\website\blank version\cgi-bin\surflocal2010\surflocal\Templates\IndexTemplate.html030904 <-- SURFLOCAL-2010 /htdocs/Templates IndexTemplate.html030904
2010.10.17 09:38 B C:\SURFLOCAL\FRONT-PAGE\SURFLOCAL 2010\website\blank version\cgi-bin\surflocal2010\surflocal\Templates\IndexTemplate.html_033004 <-- SURFLOCAL-2010 /htdocs/Templates IndexTemplate.html_033004
2010.10.17 09:38 B C:\SURFLOCAL\FRONT-PAGE\SURFLOCAL 2010\website\blank version\cgi-bin\surflocal2010\surflocal\Templates\IndexTemplate.html_062804 <-- SURFLOCAL-2010 /htdocs/Templates IndexTemplate.html_062804
2010.10.17 09:38 B C:\SURFLOCAL\FRONT-PAGE\SURFLOCAL 2010\website\blank version\cgi-bin\surflocal2010\surflocal\Templates\IndexTemplate.html_0904 <-- SURFLOCAL-2010 /htdocs/Templates IndexTemplate.html_0904
2010.10.17 09:38 B C:\SURFLOCAL\FRONT-PAGE\SURFLOCAL 2010\website\blank version\cgi-bin\surflocal2010\surflocal\Templates\IndexTemplate.html_100504 <-- SURFLOCAL-2010 /htdocs/Templates IndexTemplate.html_100504
2010.10.17 09:38 B C:\SURFLOCAL\FRONT-PAGE\SURFLOCAL 2010\website\blank version\cgi-bin\surflocal2010\surflocal\Templates\IndexTemplate.html_101404 <-- SURFLOCAL-2010 /htdocs/Templates IndexTemplate.html_101404
2010.10.17 09:38 B C:\SURFLOCAL\FRONT-PAGE\SURFLOCAL 2010\website\blank version\cgi-bin\surflocal2010\surflocal\Templates\IndexTemplate.html_111704 <-- SURFLOCAL-2010 /htdocs/Templates IndexTemplate.html_111704
2010.10.17 09:38 B C:\SURFLOCAL\FRONT-PAGE\SURFLOCAL 2010\website\blank version\cgi-bin\surflocal2010\surflocal\Templates\IndexTemplate.html~~ <-- SURFLOCAL-2010 /htdocs/Templates IndexTemplate.html~~
2010.10.17 09:38 B C:\SURFLOCAL\FRONT-PAGE\SURFLOCAL 2010\website\blank version\cgi-bin\surflocal2010\surflocal\Templates\lake.class <-- SURFLOCAL-2010 /htdocs/Templates lake.class
2010.10.17 09:38 B C:\SURFLOCAL\FRONT-PAGE\SURFLOCAL 2010\website\blank version\cgi-bin\surflocal2010\surflocal\Templates\liquidfxmod.class <-- SURFLOCAL-2010 /htdocs/Templates liquidfxmod.class
2010.10.17 09:38 B C:\SURFLOCAL\FRONT-PAGE\SURFLOCAL 2010\website\blank version\cgi-bin\surflocal2010\surflocal\Templates\Loveland-CREAL_ButtonTemp.html <-- SURFLOCAL-2010 /htdocs/Templates Loveland-CREAL_ButtonTemp.html
2010.10.17 09:38 B C:\SURFLOCAL\FRONT-PAGE\SURFLOCAL 2010\website\blank version\cgi-bin\surflocal2010\surflocal\Templates\Lware.class <-- SURFLOCAL-2010 /htdocs/Templates Lware.class
2010.10.17 09:38 B C:\SURFLOCAL\FRONT-PAGE\SURFLOCAL 2010\website\blank version\cgi-bin\surflocal2010\surflocal\Templates\mosaic.class <-- SURFLOCAL-2010 /htdocs/Templates mosaic.class
2010.10.17 09:38 B C:\SURFLOCAL\FRONT-PAGE\SURFLOCAL 2010\website\blank version\cgi-bin\surflocal2010\surflocal\Templates\mosaic.jar <-- SURFLOCAL-2010 /htdocs/Templates mosaic.jar
2010.10.17 09:38 B C:\SURFLOCAL\FRONT-PAGE\SURFLOCAL 2010\website\blank version\cgi-bin\surflocal2010\surflocal\Templates\nj-us.html <-- SURFLOCAL-2010 /htdocs/Templates nj-us.html
2010.10.17 09:38 B C:\SURFLOCAL\FRONT-PAGE\SURFLOCAL 2010\website\blank version\cgi-bin\surflocal2010\surflocal\Templates\PageEditBackgroundImage <-- SURFLOCAL-2010 /htdocs/Templates PageEditBackgroundImage
2010.10.17 09:38 B C:\SURFLOCAL\FRONT-PAGE\SURFLOCAL 2010\website\blank version\cgi-bin\surflocal2010\surflocal\Templates\PageEditBackgroundImage2 <-- SURFLOCAL-2010 /htdocs/Templates PageEditBackgroundImage2
2010.10.17 09:38 B C:\SURFLOCAL\FRONT-PAGE\SURFLOCAL 2010\website\blank version\cgi-bin\surflocal2010\surflocal\Templates\PageEditBackgroundImage_1 <-- SURFLOCAL-2010 /htdocs/Templates PageEditBackgroundImage_1
2010.10.17 09:38 B C:\SURFLOCAL\FRONT-PAGE\SURFLOCAL 2010\website\blank version\cgi-bin\surflocal2010\surflocal\Templates\PageEditFontColor <-- SURFLOCAL-2010 /htdocs/Templates PageEditFontColor
2010.10.17 09:38 B C:\SURFLOCAL\FRONT-PAGE\SURFLOCAL 2010\website\blank version\cgi-bin\surflocal2010\surflocal\Templates\PageEditFontFace <-- SURFLOCAL-2010 /htdocs/Templates PageEditFontFace
2010.10.17 09:38 B C:\SURFLOCAL\FRONT-PAGE\SURFLOCAL 2010\website\blank version\cgi-bin\surflocal2010\surflocal\Templates\PageEditTemplate <-- SURFLOCAL-2010 /htdocs/Templates PageEditTemplate
2010.10.17 09:38 B C:\SURFLOCAL\FRONT-PAGE\SURFLOCAL 2010\website\blank version\cgi-bin\surflocal2010\surflocal\Templates\PageEditTemplate_0106 <-- SURFLOCAL-2010 /htdocs/Templates PageEditTemplate_0106
2010.10.17 09:38 B C:\SURFLOCAL\FRONT-PAGE\SURFLOCAL 2010\website\blank version\cgi-bin\surflocal2010\surflocal\Templates\PageEditTemplate_0204 <-- SURFLOCAL-2010 /htdocs/Templates PageEditTemplate_0204
2010.10.17 09:38 B C:\SURFLOCAL\FRONT-PAGE\SURFLOCAL 2010\website\blank version\cgi-bin\surflocal2010\surflocal\Templates\PageEditTemplate_032205 <-- SURFLOCAL-2010 /htdocs/Templates PageEditTemplate_032205
2010.10.17 09:39 B C:\SURFLOCAL\FRONT-PAGE\SURFLOCAL 2010\website\blank version\cgi-bin\surflocal2010\surflocal\Templates\PageEditTemplate_072304 <-- SURFLOCAL-2010 /htdocs/Templates PageEditTemplate_072304
2010.10.17 09:39 B C:\SURFLOCAL\FRONT-PAGE\SURFLOCAL 2010\website\blank version\cgi-bin\surflocal2010\surflocal\Templates\PageMasterData.txt <-- SURFLOCAL-2010 /htdocs/Templates PageMasterData.txt
2010.10.17 09:39 B C:\SURFLOCAL\FRONT-PAGE\SURFLOCAL 2010\website\blank version\cgi-bin\surflocal2010\surflocal\Templates\PageMasterData.txt_0204 <-- SURFLOCAL-2010 /htdocs/Templates PageMasterData.txt_0204
2010.10.17 09:39 B C:\SURFLOCAL\FRONT-PAGE\SURFLOCAL 2010\website\blank version\cgi-bin\surflocal2010\surflocal\Templates\PageMasterData.txt_020904 <-- SURFLOCAL-2010 /htdocs/Templates PageMasterData.txt_020904
2010.10.17 09:39 B C:\SURFLOCAL\FRONT-PAGE\SURFLOCAL 2010\website\blank version\cgi-bin\surflocal2010\surflocal\Templates\PageMasterData.txt_0704 <-- SURFLOCAL-2010 /htdocs/Templates PageMasterData.txt_0704
2010.10.17 09:39 B C:\SURFLOCAL\FRONT-PAGE\SURFLOCAL 2010\website\blank version\cgi-bin\surflocal2010\surflocal\Templates\PageMasterData.txt_pageimages <-- SURFLOCAL-2010 /htdocs/Templates PageMasterData.txt_pageimages
2010.10.17 09:39 B C:\SURFLOCAL\FRONT-PAGE\SURFLOCAL 2010\website\blank version\cgi-bin\surflocal2010\surflocal\Templates\PageMasterData.txt~~ <-- SURFLOCAL-2010 /htdocs/Templates PageMasterData.txt~~
2010.10.17 09:39 B C:\SURFLOCAL\FRONT-PAGE\SURFLOCAL 2010\website\blank version\cgi-bin\surflocal2010\surflocal\Templates\PageOptions.html <-- SURFLOCAL-2010 /htdocs/Templates PageOptions.html
2010.10.17 09:39 B C:\SURFLOCAL\FRONT-PAGE\SURFLOCAL 2010\website\blank version\cgi-bin\surflocal2010\surflocal\Templates\PageOptions.html_0801 <-- SURFLOCAL-2010 /htdocs/Templates PageOptions.html_0801
2010.10.17 09:39 B C:\SURFLOCAL\FRONT-PAGE\SURFLOCAL 2010\website\blank version\cgi-bin\surflocal2010\surflocal\Templates\PageOptions2.html <-- SURFLOCAL-2010 /htdocs/Templates PageOptions2.html
2010.10.17 09:39 B C:\SURFLOCAL\FRONT-PAGE\SURFLOCAL 2010\website\blank version\cgi-bin\surflocal2010\surflocal\Templates\PageTemplates.html <-- SURFLOCAL-2010 /htdocs/Templates PageTemplates.html
2010.10.17 09:39 B C:\SURFLOCAL\FRONT-PAGE\SURFLOCAL 2010\website\blank version\cgi-bin\surflocal2010\surflocal\Templates\PageTemplates.html-0808 <-- SURFLOCAL-2010 /htdocs/Templates PageTemplates.html-0808
2010.10.17 09:39 B C:\SURFLOCAL\FRONT-PAGE\SURFLOCAL 2010\website\blank version\cgi-bin\surflocal2010\surflocal\Templates\PageTemplates.html-thisone <-- SURFLOCAL-2010 /htdocs/Templates PageTemplates.html-thisone
2010.10.17 09:39 B C:\SURFLOCAL\FRONT-PAGE\SURFLOCAL 2010\website\blank version\cgi-bin\surflocal2010\surflocal\Templates\PageTemplates.html_0204 <-- SURFLOCAL-2010 /htdocs/Templates PageTemplates.html_0204
2010.10.17 09:39 B C:\SURFLOCAL\FRONT-PAGE\SURFLOCAL 2010\website\blank version\cgi-bin\surflocal2010\surflocal\Templates\PageTemplates.html_072304 <-- SURFLOCAL-2010 /htdocs/Templates PageTemplates.html_072304
2010.10.17 09:39 B C:\SURFLOCAL\FRONT-PAGE\SURFLOCAL 2010\website\blank version\cgi-bin\surflocal2010\surflocal\Templates\PressIndexTemplate.html <-- SURFLOCAL-2010 /htdocs/Templates PressIndexTemplate.html
2010.10.17 09:39 B C:\SURFLOCAL\FRONT-PAGE\SURFLOCAL 2010\website\blank version\cgi-bin\surflocal2010\surflocal\Templates\ProductPagesImgTemplate.html <-- SURFLOCAL-2010 /htdocs/Templates ProductPagesImgTemplate.html
2010.10.17 09:39 B C:\SURFLOCAL\FRONT-PAGE\SURFLOCAL 2010\website\blank version\cgi-bin\surflocal2010\surflocal\Templates\ProductPagesImgTemplate.html-08 <-- SURFLOCAL-2010 /htdocs/Templates ProductPagesImgTemplate.html-08
2010.10.17 09:39 B C:\SURFLOCAL\FRONT-PAGE\SURFLOCAL 2010\website\blank version\cgi-bin\surflocal2010\surflocal\Templates\ProductPagesImgTemplate.html-mar08 <-- SURFLOCAL-2010 /htdocs/Templates ProductPagesImgTemplate.html-mar08
2010.10.17 09:39 B C:\SURFLOCAL\FRONT-PAGE\SURFLOCAL 2010\website\blank version\cgi-bin\surflocal2010\surflocal\Templates\ProductPagesMultImgTemplate.html <-- SURFLOCAL-2010 /htdocs/Templates ProductPagesMultImgTemplate.html
2010.10.17 09:39 B C:\SURFLOCAL\FRONT-PAGE\SURFLOCAL 2010\website\blank version\cgi-bin\surflocal2010\surflocal\Templates\ProductPagesUpload.html <-- SURFLOCAL-2010 /htdocs/Templates ProductPagesUpload.html
2010.10.17 09:39 B C:\SURFLOCAL\FRONT-PAGE\SURFLOCAL 2010\website\blank version\cgi-bin\surflocal2010\surflocal\Templates\ProductPageTemplate.html <-- SURFLOCAL-2010 /htdocs/Templates ProductPageTemplate.html
2010.10.17 09:39 B C:\SURFLOCAL\FRONT-PAGE\SURFLOCAL 2010\website\blank version\cgi-bin\surflocal2010\surflocal\Templates\ProductPageTemplate.html_1 <-- SURFLOCAL-2010 /htdocs/Templates ProductPageTemplate.html_1
2010.10.17 09:39 B C:\SURFLOCAL\FRONT-PAGE\SURFLOCAL 2010\website\blank version\cgi-bin\surflocal2010\surflocal\Templates\ProductTemp.html <-- SURFLOCAL-2010 /htdocs/Templates ProductTemp.html
2010.10.17 09:39 B C:\SURFLOCAL\FRONT-PAGE\SURFLOCAL 2010\website\blank version\cgi-bin\surflocal2010\surflocal\Templates\REAL_ButtonTemp.html <-- SURFLOCAL-2010 /htdocs/Templates REAL_ButtonTemp.html
2010.10.17 09:39 B C:\SURFLOCAL\FRONT-PAGE\SURFLOCAL 2010\website\blank version\cgi-bin\surflocal2010\surflocal\Templates\REALButtonPage.cgi <-- SURFLOCAL-2010 /htdocs/Templates REALButtonPage.cgi
2010.10.17 09:39 B C:\SURFLOCAL\FRONT-PAGE\SURFLOCAL 2010\website\blank version\cgi-bin\surflocal2010\surflocal\Templates\SHOPUS_ButtonTemp.html <-- SURFLOCAL-2010 /htdocs/Templates SHOPUS_ButtonTemp.html
2010.10.17 09:39 B C:\SURFLOCAL\FRONT-PAGE\SURFLOCAL 2010\website\blank version\cgi-bin\surflocal2010\surflocal\Templates\sitemapsurflocal.txt <-- SURFLOCAL-2010 /htdocs/Templates sitemapsurflocal.txt
2010.10.17 09:39 B C:\SURFLOCAL\FRONT-PAGE\SURFLOCAL 2010\website\blank version\cgi-bin\surflocal2010\surflocal\Templates\SLIDE-1.jpg <-- SURFLOCAL-2010 /htdocs/Templates SLIDE-1.jpg
2010.10.17 09:39 B C:\SURFLOCAL\FRONT-PAGE\SURFLOCAL 2010\website\blank version\cgi-bin\surflocal2010\surflocal\Templates\SLIDE-2.jpg <-- SURFLOCAL-2010 /htdocs/Templates SLIDE-2.jpg
2010.10.17 09:39 B C:\SURFLOCAL\FRONT-PAGE\SURFLOCAL 2010\website\blank version\cgi-bin\surflocal2010\surflocal\Templates\sm_banner_COUPSPECIALS.jpg <-- SURFLOCAL-2010 /htdocs/Templates sm_banner_COUPSPECIALS.jpg
2010.10.17 09:39 B C:\SURFLOCAL\FRONT-PAGE\SURFLOCAL 2010\website\blank version\cgi-bin\surflocal2010\surflocal\Templates\sm_banner_DESIGN.jpg <-- SURFLOCAL-2010 /htdocs/Templates sm_banner_DESIGN.jpg
2010.10.17 09:39 B C:\SURFLOCAL\FRONT-PAGE\SURFLOCAL 2010\website\blank version\cgi-bin\surflocal2010\surflocal\Templates\sm_banner_EDITING.jpg <-- SURFLOCAL-2010 /htdocs/Templates sm_banner_EDITING.jpg
2010.10.17 09:39 B C:\SURFLOCAL\FRONT-PAGE\SURFLOCAL 2010\website\blank version\cgi-bin\surflocal2010\surflocal\Templates\spot.jpg <-- SURFLOCAL-2010 /htdocs/Templates spot.jpg
2010.10.17 09:39 B C:\SURFLOCAL\FRONT-PAGE\SURFLOCAL 2010\website\blank version\cgi-bin\surflocal2010\surflocal\Templates\ssm.js <-- SURFLOCAL-2010 /htdocs/Templates ssm.js
2010.10.17 09:39 B C:\SURFLOCAL\FRONT-PAGE\SURFLOCAL 2010\website\blank version\cgi-bin\surflocal2010\surflocal\Templates\ssmItems.js <-- SURFLOCAL-2010 /htdocs/Templates ssmItems.js
2010.10.17 09:39 B C:\SURFLOCAL\FRONT-PAGE\SURFLOCAL 2010\website\blank version\cgi-bin\surflocal2010\surflocal\Templates\ssmItems.js_0204 <-- SURFLOCAL-2010 /htdocs/Templates ssmItems.js_0204
2010.10.17 09:39 B C:\SURFLOCAL\FRONT-PAGE\SURFLOCAL 2010\website\blank version\cgi-bin\surflocal2010\surflocal\Templates\ssmItems2.js <-- SURFLOCAL-2010 /htdocs/Templates ssmItems2.js
2010.10.17 09:39 B C:\SURFLOCAL\FRONT-PAGE\SURFLOCAL 2010\website\blank version\cgi-bin\surflocal2010\surflocal\Templates\ssmItems2.js_red <-- SURFLOCAL-2010 /htdocs/Templates ssmItems2.js_red
2010.10.17 09:39 B C:\SURFLOCAL\FRONT-PAGE\SURFLOCAL 2010\website\blank version\cgi-bin\surflocal2010\surflocal\Templates\ssmItems3.js <-- SURFLOCAL-2010 /htdocs/Templates ssmItems3.js
2010.10.17 09:39 B C:\SURFLOCAL\FRONT-PAGE\SURFLOCAL 2010\website\blank version\cgi-bin\surflocal2010\surflocal\Templates\standardui.class <-- SURFLOCAL-2010 /htdocs/Templates standardui.class
2010.10.17 09:39 B C:\SURFLOCAL\FRONT-PAGE\SURFLOCAL 2010\website\blank version\cgi-bin\surflocal2010\surflocal\Templates\SubsequentButtonMaster <-- SURFLOCAL-2010 /htdocs/Templates SubsequentButtonMaster
2010.10.17 09:39 B C:\SURFLOCAL\FRONT-PAGE\SURFLOCAL 2010\website\blank version\cgi-bin\surflocal2010\surflocal\Templates\SubsequentCouponMaster <-- SURFLOCAL-2010 /htdocs/Templates SubsequentCouponMaster
2010.10.17 09:39 B C:\SURFLOCAL\FRONT-PAGE\SURFLOCAL 2010\website\blank version\cgi-bin\surflocal2010\surflocal\Templates\SubsequentPageMaster <-- SURFLOCAL-2010 /htdocs/Templates SubsequentPageMaster
2010.10.17 09:39 B C:\SURFLOCAL\FRONT-PAGE\SURFLOCAL 2010\website\blank version\cgi-bin\surflocal2010\surflocal\Templates\SubsequentTextMaster <-- SURFLOCAL-2010 /htdocs/Templates SubsequentTextMaster
2010.10.17 09:39 B C:\SURFLOCAL\FRONT-PAGE\SURFLOCAL 2010\website\blank version\cgi-bin\surflocal2010\surflocal\Templates\TextAdTemplate.html <-- SURFLOCAL-2010 /htdocs/Templates TextAdTemplate.html
2010.10.17 09:39 B C:\SURFLOCAL\FRONT-PAGE\SURFLOCAL 2010\website\blank version\cgi-bin\surflocal2010\surflocal\Templates\TextEditFontColor <-- SURFLOCAL-2010 /htdocs/Templates TextEditFontColor
2010.10.17 09:39 B C:\SURFLOCAL\FRONT-PAGE\SURFLOCAL 2010\website\blank version\cgi-bin\surflocal2010\surflocal\Templates\TextEditFontFace <-- SURFLOCAL-2010 /htdocs/Templates TextEditFontFace
2010.10.17 09:39 B C:\SURFLOCAL\FRONT-PAGE\SURFLOCAL 2010\website\blank version\cgi-bin\surflocal2010\surflocal\Templates\top-strip.jpg <-- SURFLOCAL-2010 /htdocs/Templates top-strip.jpg
2010.10.17 09:39 B C:\SURFLOCAL\FRONT-PAGE\SURFLOCAL 2010\website\blank version\cgi-bin\surflocal2010\surflocal\Templates\top-strip2.jpg <-- SURFLOCAL-2010 /htdocs/Templates top-strip2.jpg
2010.10.17 09:39 B C:\SURFLOCAL\FRONT-PAGE\SURFLOCAL 2010\website\blank version\cgi-bin\surflocal2010\surflocal\Templates\urllist.txt <-- SURFLOCAL-2010 /htdocs/Templates urllist.txt
2010.10.17 09:39 B C:\SURFLOCAL\FRONT-PAGE\SURFLOCAL 2010\website\blank version\cgi-bin\surflocal2010\surflocal\Templates\vacationcheyenne_ButtonTemp.html <-- SURFLOCAL-2010 /htdocs/Templates vacationcheyenne_ButtonTemp.html
2010.10.17 09:39 B C:\SURFLOCAL\FRONT-PAGE\SURFLOCAL 2010\website\blank version\cgi-bin\surflocal2010\surflocal\Templates\vars.txt <-- SURFLOCAL-2010 /htdocs/Templates vars.txt
2010.10.17 09:39 B C:\SURFLOCAL\FRONT-PAGE\SURFLOCAL 2010\website\blank version\cgi-bin\surflocal2010\surflocal\Templates\Wyoming_ButtonTemp.html <-- SURFLOCAL-2010 /htdocs/Templates Wyoming_ButtonTemp.html
