2010.10.17 09:33 B C:\SURFLOCAL\FRONT-PAGE\SURFLOCAL 2010\website\blank version\cgi-bin\surflocal2010\surflocal\Templates\state-pages\ak-us.html <-- SURFLOCAL-2010 /htdocs/Templates/state-pages ak-us.html
2010.10.17 09:33 B C:\SURFLOCAL\FRONT-PAGE\SURFLOCAL 2010\website\blank version\cgi-bin\surflocal2010\surflocal\Templates\state-pages\ak.jpg <-- SURFLOCAL-2010 /htdocs/Templates/state-pages ak.jpg
2010.10.17 09:33 B C:\SURFLOCAL\FRONT-PAGE\SURFLOCAL 2010\website\blank version\cgi-bin\surflocal2010\surflocal\Templates\state-pages\al-us.html <-- SURFLOCAL-2010 /htdocs/Templates/state-pages al-us.html
2010.10.17 09:33 B C:\SURFLOCAL\FRONT-PAGE\SURFLOCAL 2010\website\blank version\cgi-bin\surflocal2010\surflocal\Templates\state-pages\al.jpg <-- SURFLOCAL-2010 /htdocs/Templates/state-pages al.jpg
2010.10.17 09:33 B C:\SURFLOCAL\FRONT-PAGE\SURFLOCAL 2010\website\blank version\cgi-bin\surflocal2010\surflocal\Templates\state-pages\alabamaC.gif <-- SURFLOCAL-2010 /htdocs/Templates/state-pages alabamaC.gif
2010.10.17 09:33 B C:\SURFLOCAL\FRONT-PAGE\SURFLOCAL 2010\website\blank version\cgi-bin\surflocal2010\surflocal\Templates\state-pages\alaskaC.gif <-- SURFLOCAL-2010 /htdocs/Templates/state-pages alaskaC.gif
2010.10.17 09:33 B C:\SURFLOCAL\FRONT-PAGE\SURFLOCAL 2010\website\blank version\cgi-bin\surflocal2010\surflocal\Templates\state-pages\ar-us.html <-- SURFLOCAL-2010 /htdocs/Templates/state-pages ar-us.html
2010.10.17 09:33 B C:\SURFLOCAL\FRONT-PAGE\SURFLOCAL 2010\website\blank version\cgi-bin\surflocal2010\surflocal\Templates\state-pages\ar.jpg <-- SURFLOCAL-2010 /htdocs/Templates/state-pages ar.jpg
2010.10.17 09:33 B C:\SURFLOCAL\FRONT-PAGE\SURFLOCAL 2010\website\blank version\cgi-bin\surflocal2010\surflocal\Templates\state-pages\arizonaC.gif <-- SURFLOCAL-2010 /htdocs/Templates/state-pages arizonaC.gif
2010.10.17 09:33 B C:\SURFLOCAL\FRONT-PAGE\SURFLOCAL 2010\website\blank version\cgi-bin\surflocal2010\surflocal\Templates\state-pages\arkansaC.gif <-- SURFLOCAL-2010 /htdocs/Templates/state-pages arkansaC.gif
2010.10.17 09:33 B C:\SURFLOCAL\FRONT-PAGE\SURFLOCAL 2010\website\blank version\cgi-bin\surflocal2010\surflocal\Templates\state-pages\az-us.html <-- SURFLOCAL-2010 /htdocs/Templates/state-pages az-us.html
2010.10.17 09:33 B C:\SURFLOCAL\FRONT-PAGE\SURFLOCAL 2010\website\blank version\cgi-bin\surflocal2010\surflocal\Templates\state-pages\az.jpg <-- SURFLOCAL-2010 /htdocs/Templates/state-pages az.jpg
2010.10.17 09:33 B C:\SURFLOCAL\FRONT-PAGE\SURFLOCAL 2010\website\blank version\cgi-bin\surflocal2010\surflocal\Templates\state-pages\ca-us.html <-- SURFLOCAL-2010 /htdocs/Templates/state-pages ca-us.html
2010.10.17 09:33 B C:\SURFLOCAL\FRONT-PAGE\SURFLOCAL 2010\website\blank version\cgi-bin\surflocal2010\surflocal\Templates\state-pages\ca.jpg <-- SURFLOCAL-2010 /htdocs/Templates/state-pages ca.jpg
2010.10.17 09:33 B C:\SURFLOCAL\FRONT-PAGE\SURFLOCAL 2010\website\blank version\cgi-bin\surflocal2010\surflocal\Templates\state-pages\califC.gif <-- SURFLOCAL-2010 /htdocs/Templates/state-pages califC.gif
2010.10.17 09:33 B C:\SURFLOCAL\FRONT-PAGE\SURFLOCAL 2010\website\blank version\cgi-bin\surflocal2010\surflocal\Templates\state-pages\CITY-MAP2-SM.jpg <-- SURFLOCAL-2010 /htdocs/Templates/state-pages CITY-MAP2-SM.jpg
2010.10.17 09:33 B C:\SURFLOCAL\FRONT-PAGE\SURFLOCAL 2010\website\blank version\cgi-bin\surflocal2010\surflocal\Templates\state-pages\co-us.html <-- SURFLOCAL-2010 /htdocs/Templates/state-pages co-us.html
2010.10.17 09:33 B C:\SURFLOCAL\FRONT-PAGE\SURFLOCAL 2010\website\blank version\cgi-bin\surflocal2010\surflocal\Templates\state-pages\co.jpg <-- SURFLOCAL-2010 /htdocs/Templates/state-pages co.jpg
2010.10.17 09:33 B C:\SURFLOCAL\FRONT-PAGE\SURFLOCAL 2010\website\blank version\cgi-bin\surflocal2010\surflocal\Templates\state-pages\coloradC.gif <-- SURFLOCAL-2010 /htdocs/Templates/state-pages coloradC.gif
2010.10.17 09:33 B C:\SURFLOCAL\FRONT-PAGE\SURFLOCAL 2010\website\blank version\cgi-bin\surflocal2010\surflocal\Templates\state-pages\connectC.gif <-- SURFLOCAL-2010 /htdocs/Templates/state-pages connectC.gif
2010.10.17 09:33 B C:\SURFLOCAL\FRONT-PAGE\SURFLOCAL 2010\website\blank version\cgi-bin\surflocal2010\surflocal\Templates\state-pages\ct-us.html <-- SURFLOCAL-2010 /htdocs/Templates/state-pages ct-us.html
2010.10.17 09:33 B C:\SURFLOCAL\FRONT-PAGE\SURFLOCAL 2010\website\blank version\cgi-bin\surflocal2010\surflocal\Templates\state-pages\ct.jpg <-- SURFLOCAL-2010 /htdocs/Templates/state-pages ct.jpg
2010.10.17 09:33 B C:\SURFLOCAL\FRONT-PAGE\SURFLOCAL 2010\website\blank version\cgi-bin\surflocal2010\surflocal\Templates\state-pages\de-us.html <-- SURFLOCAL-2010 /htdocs/Templates/state-pages de-us.html
2010.10.17 09:33 B C:\SURFLOCAL\FRONT-PAGE\SURFLOCAL 2010\website\blank version\cgi-bin\surflocal2010\surflocal\Templates\state-pages\de.jpg <-- SURFLOCAL-2010 /htdocs/Templates/state-pages de.jpg
2010.10.17 09:33 B C:\SURFLOCAL\FRONT-PAGE\SURFLOCAL 2010\website\blank version\cgi-bin\surflocal2010\surflocal\Templates\state-pages\delawarC.gif <-- SURFLOCAL-2010 /htdocs/Templates/state-pages delawarC.gif
2010.10.17 09:33 B C:\SURFLOCAL\FRONT-PAGE\SURFLOCAL 2010\website\blank version\cgi-bin\surflocal2010\surflocal\Templates\state-pages\fl-us.html <-- SURFLOCAL-2010 /htdocs/Templates/state-pages fl-us.html
2010.10.17 09:33 B C:\SURFLOCAL\FRONT-PAGE\SURFLOCAL 2010\website\blank version\cgi-bin\surflocal2010\surflocal\Templates\state-pages\fl.jpg <-- SURFLOCAL-2010 /htdocs/Templates/state-pages fl.jpg
2010.10.17 09:33 B C:\SURFLOCAL\FRONT-PAGE\SURFLOCAL 2010\website\blank version\cgi-bin\surflocal2010\surflocal\Templates\state-pages\floridaC.gif <-- SURFLOCAL-2010 /htdocs/Templates/state-pages floridaC.gif
2010.10.17 09:33 B C:\SURFLOCAL\FRONT-PAGE\SURFLOCAL 2010\website\blank version\cgi-bin\surflocal2010\surflocal\Templates\state-pages\ga-us.html <-- SURFLOCAL-2010 /htdocs/Templates/state-pages ga-us.html
2010.10.17 09:33 B C:\SURFLOCAL\FRONT-PAGE\SURFLOCAL 2010\website\blank version\cgi-bin\surflocal2010\surflocal\Templates\state-pages\ga.jpg <-- SURFLOCAL-2010 /htdocs/Templates/state-pages ga.jpg
2010.10.17 09:33 B C:\SURFLOCAL\FRONT-PAGE\SURFLOCAL 2010\website\blank version\cgi-bin\surflocal2010\surflocal\Templates\state-pages\georgiaC.gif <-- SURFLOCAL-2010 /htdocs/Templates/state-pages georgiaC.gif
2010.10.17 09:33 B C:\SURFLOCAL\FRONT-PAGE\SURFLOCAL 2010\website\blank version\cgi-bin\surflocal2010\surflocal\Templates\state-pages\globe-city-R.jpg <-- SURFLOCAL-2010 /htdocs/Templates/state-pages globe-city-R.jpg
2010.10.17 09:33 B C:\SURFLOCAL\FRONT-PAGE\SURFLOCAL 2010\website\blank version\cgi-bin\surflocal2010\surflocal\Templates\state-pages\globe-city.jpg <-- SURFLOCAL-2010 /htdocs/Templates/state-pages globe-city.jpg
2010.10.17 09:33 B C:\SURFLOCAL\FRONT-PAGE\SURFLOCAL 2010\website\blank version\cgi-bin\surflocal2010\surflocal\Templates\state-pages\hawaiiC.gif <-- SURFLOCAL-2010 /htdocs/Templates/state-pages hawaiiC.gif
2010.10.17 09:33 B C:\SURFLOCAL\FRONT-PAGE\SURFLOCAL 2010\website\blank version\cgi-bin\surflocal2010\surflocal\Templates\state-pages\hi-us.html <-- SURFLOCAL-2010 /htdocs/Templates/state-pages hi-us.html
2010.10.17 09:33 B C:\SURFLOCAL\FRONT-PAGE\SURFLOCAL 2010\website\blank version\cgi-bin\surflocal2010\surflocal\Templates\state-pages\hi.jpg <-- SURFLOCAL-2010 /htdocs/Templates/state-pages hi.jpg
2010.10.17 09:33 B C:\SURFLOCAL\FRONT-PAGE\SURFLOCAL 2010\website\blank version\cgi-bin\surflocal2010\surflocal\Templates\state-pages\ia-us.html <-- SURFLOCAL-2010 /htdocs/Templates/state-pages ia-us.html
2010.10.17 09:33 B C:\SURFLOCAL\FRONT-PAGE\SURFLOCAL 2010\website\blank version\cgi-bin\surflocal2010\surflocal\Templates\state-pages\ia.jpg <-- SURFLOCAL-2010 /htdocs/Templates/state-pages ia.jpg
2010.10.17 09:33 B C:\SURFLOCAL\FRONT-PAGE\SURFLOCAL 2010\website\blank version\cgi-bin\surflocal2010\surflocal\Templates\state-pages\id-us.html <-- SURFLOCAL-2010 /htdocs/Templates/state-pages id-us.html
2010.10.17 09:33 B C:\SURFLOCAL\FRONT-PAGE\SURFLOCAL 2010\website\blank version\cgi-bin\surflocal2010\surflocal\Templates\state-pages\id.jpg <-- SURFLOCAL-2010 /htdocs/Templates/state-pages id.jpg
2010.10.17 09:34 B C:\SURFLOCAL\FRONT-PAGE\SURFLOCAL 2010\website\blank version\cgi-bin\surflocal2010\surflocal\Templates\state-pages\idahoC.gif <-- SURFLOCAL-2010 /htdocs/Templates/state-pages idahoC.gif
2010.10.17 09:34 B C:\SURFLOCAL\FRONT-PAGE\SURFLOCAL 2010\website\blank version\cgi-bin\surflocal2010\surflocal\Templates\state-pages\il-us.html <-- SURFLOCAL-2010 /htdocs/Templates/state-pages il-us.html
2010.10.17 09:34 B C:\SURFLOCAL\FRONT-PAGE\SURFLOCAL 2010\website\blank version\cgi-bin\surflocal2010\surflocal\Templates\state-pages\il.jpg <-- SURFLOCAL-2010 /htdocs/Templates/state-pages il.jpg
2010.10.17 09:34 B C:\SURFLOCAL\FRONT-PAGE\SURFLOCAL 2010\website\blank version\cgi-bin\surflocal2010\surflocal\Templates\state-pages\illinoiC.gif <-- SURFLOCAL-2010 /htdocs/Templates/state-pages illinoiC.gif
2010.10.17 09:34 B C:\SURFLOCAL\FRONT-PAGE\SURFLOCAL 2010\website\blank version\cgi-bin\surflocal2010\surflocal\Templates\state-pages\in-us.html <-- SURFLOCAL-2010 /htdocs/Templates/state-pages in-us.html
2010.10.17 09:34 B C:\SURFLOCAL\FRONT-PAGE\SURFLOCAL 2010\website\blank version\cgi-bin\surflocal2010\surflocal\Templates\state-pages\in.jpg <-- SURFLOCAL-2010 /htdocs/Templates/state-pages in.jpg
2010.10.17 09:34 B C:\SURFLOCAL\FRONT-PAGE\SURFLOCAL 2010\website\blank version\cgi-bin\surflocal2010\surflocal\Templates\state-pages\index.html <-- SURFLOCAL-2010 /htdocs/Templates/state-pages index.html
2010.10.17 09:34 B C:\SURFLOCAL\FRONT-PAGE\SURFLOCAL 2010\website\blank version\cgi-bin\surflocal2010\surflocal\Templates\state-pages\IndexTemplate.html <-- SURFLOCAL-2010 /htdocs/Templates/state-pages IndexTemplate.html
2010.10.17 09:34 B C:\SURFLOCAL\FRONT-PAGE\SURFLOCAL 2010\website\blank version\cgi-bin\surflocal2010\surflocal\Templates\state-pages\indianaC.gif <-- SURFLOCAL-2010 /htdocs/Templates/state-pages indianaC.gif
2010.10.17 09:34 B C:\SURFLOCAL\FRONT-PAGE\SURFLOCAL 2010\website\blank version\cgi-bin\surflocal2010\surflocal\Templates\state-pages\iowaC.gif <-- SURFLOCAL-2010 /htdocs/Templates/state-pages iowaC.gif
2010.10.17 09:34 B C:\SURFLOCAL\FRONT-PAGE\SURFLOCAL 2010\website\blank version\cgi-bin\surflocal2010\surflocal\Templates\state-pages\kansasC.gif <-- SURFLOCAL-2010 /htdocs/Templates/state-pages kansasC.gif
2010.10.17 09:34 B C:\SURFLOCAL\FRONT-PAGE\SURFLOCAL 2010\website\blank version\cgi-bin\surflocal2010\surflocal\Templates\state-pages\kentckyC.gif <-- SURFLOCAL-2010 /htdocs/Templates/state-pages kentckyC.gif
2010.10.17 09:34 B C:\SURFLOCAL\FRONT-PAGE\SURFLOCAL 2010\website\blank version\cgi-bin\surflocal2010\surflocal\Templates\state-pages\ks-us.html <-- SURFLOCAL-2010 /htdocs/Templates/state-pages ks-us.html
2010.10.17 09:34 B C:\SURFLOCAL\FRONT-PAGE\SURFLOCAL 2010\website\blank version\cgi-bin\surflocal2010\surflocal\Templates\state-pages\ks.jpg <-- SURFLOCAL-2010 /htdocs/Templates/state-pages ks.jpg
2010.10.17 09:34 B C:\SURFLOCAL\FRONT-PAGE\SURFLOCAL 2010\website\blank version\cgi-bin\surflocal2010\surflocal\Templates\state-pages\ky-us.html <-- SURFLOCAL-2010 /htdocs/Templates/state-pages ky-us.html
2010.10.17 09:34 B C:\SURFLOCAL\FRONT-PAGE\SURFLOCAL 2010\website\blank version\cgi-bin\surflocal2010\surflocal\Templates\state-pages\ky.jpg <-- SURFLOCAL-2010 /htdocs/Templates/state-pages ky.jpg
2010.10.17 09:34 B C:\SURFLOCAL\FRONT-PAGE\SURFLOCAL 2010\website\blank version\cgi-bin\surflocal2010\surflocal\Templates\state-pages\la-us.html <-- SURFLOCAL-2010 /htdocs/Templates/state-pages la-us.html
2010.10.17 09:34 B C:\SURFLOCAL\FRONT-PAGE\SURFLOCAL 2010\website\blank version\cgi-bin\surflocal2010\surflocal\Templates\state-pages\la.jpg <-- SURFLOCAL-2010 /htdocs/Templates/state-pages la.jpg
2010.10.17 09:34 B C:\SURFLOCAL\FRONT-PAGE\SURFLOCAL 2010\website\blank version\cgi-bin\surflocal2010\surflocal\Templates\state-pages\louisiaC.gif <-- SURFLOCAL-2010 /htdocs/Templates/state-pages louisiaC.gif
2010.10.17 09:34 B C:\SURFLOCAL\FRONT-PAGE\SURFLOCAL 2010\website\blank version\cgi-bin\surflocal2010\surflocal\Templates\state-pages\ma-us.html <-- SURFLOCAL-2010 /htdocs/Templates/state-pages ma-us.html
2010.10.17 09:34 B C:\SURFLOCAL\FRONT-PAGE\SURFLOCAL 2010\website\blank version\cgi-bin\surflocal2010\surflocal\Templates\state-pages\ma.jpg <-- SURFLOCAL-2010 /htdocs/Templates/state-pages ma.jpg
2010.10.17 09:34 B C:\SURFLOCAL\FRONT-PAGE\SURFLOCAL 2010\website\blank version\cgi-bin\surflocal2010\surflocal\Templates\state-pages\maineC.gif <-- SURFLOCAL-2010 /htdocs/Templates/state-pages maineC.gif
2010.10.17 09:34 B C:\SURFLOCAL\FRONT-PAGE\SURFLOCAL 2010\website\blank version\cgi-bin\surflocal2010\surflocal\Templates\state-pages\marylndC.gif <-- SURFLOCAL-2010 /htdocs/Templates/state-pages marylndC.gif
2010.10.17 09:34 B C:\SURFLOCAL\FRONT-PAGE\SURFLOCAL 2010\website\blank version\cgi-bin\surflocal2010\surflocal\Templates\state-pages\massachC.gif <-- SURFLOCAL-2010 /htdocs/Templates/state-pages massachC.gif
2010.10.17 09:34 B C:\SURFLOCAL\FRONT-PAGE\SURFLOCAL 2010\website\blank version\cgi-bin\surflocal2010\surflocal\Templates\state-pages\md-us.html <-- SURFLOCAL-2010 /htdocs/Templates/state-pages md-us.html
2010.10.17 09:34 B C:\SURFLOCAL\FRONT-PAGE\SURFLOCAL 2010\website\blank version\cgi-bin\surflocal2010\surflocal\Templates\state-pages\md.jpg <-- SURFLOCAL-2010 /htdocs/Templates/state-pages md.jpg
2010.10.17 09:34 B C:\SURFLOCAL\FRONT-PAGE\SURFLOCAL 2010\website\blank version\cgi-bin\surflocal2010\surflocal\Templates\state-pages\me-us.html <-- SURFLOCAL-2010 /htdocs/Templates/state-pages me-us.html
2010.10.17 09:34 B C:\SURFLOCAL\FRONT-PAGE\SURFLOCAL 2010\website\blank version\cgi-bin\surflocal2010\surflocal\Templates\state-pages\me.jpg <-- SURFLOCAL-2010 /htdocs/Templates/state-pages me.jpg
2010.10.17 09:34 B C:\SURFLOCAL\FRONT-PAGE\SURFLOCAL 2010\website\blank version\cgi-bin\surflocal2010\surflocal\Templates\state-pages\mi-us.html <-- SURFLOCAL-2010 /htdocs/Templates/state-pages mi-us.html
2010.10.17 09:34 B C:\SURFLOCAL\FRONT-PAGE\SURFLOCAL 2010\website\blank version\cgi-bin\surflocal2010\surflocal\Templates\state-pages\mi.jpg <-- SURFLOCAL-2010 /htdocs/Templates/state-pages mi.jpg
2010.10.17 09:34 B C:\SURFLOCAL\FRONT-PAGE\SURFLOCAL 2010\website\blank version\cgi-bin\surflocal2010\surflocal\Templates\state-pages\michganC1.gif <-- SURFLOCAL-2010 /htdocs/Templates/state-pages michganC1.gif
2010.10.17 09:34 B C:\SURFLOCAL\FRONT-PAGE\SURFLOCAL 2010\website\blank version\cgi-bin\surflocal2010\surflocal\Templates\state-pages\minnesoC.gif <-- SURFLOCAL-2010 /htdocs/Templates/state-pages minnesoC.gif
2010.10.17 09:34 B C:\SURFLOCAL\FRONT-PAGE\SURFLOCAL 2010\website\blank version\cgi-bin\surflocal2010\surflocal\Templates\state-pages\mississC.gif <-- SURFLOCAL-2010 /htdocs/Templates/state-pages mississC.gif
2010.10.17 09:34 B C:\SURFLOCAL\FRONT-PAGE\SURFLOCAL 2010\website\blank version\cgi-bin\surflocal2010\surflocal\Templates\state-pages\missourC.gif <-- SURFLOCAL-2010 /htdocs/Templates/state-pages missourC.gif
2010.10.17 09:34 B C:\SURFLOCAL\FRONT-PAGE\SURFLOCAL 2010\website\blank version\cgi-bin\surflocal2010\surflocal\Templates\state-pages\mn-us.html <-- SURFLOCAL-2010 /htdocs/Templates/state-pages mn-us.html
2010.10.17 09:34 B C:\SURFLOCAL\FRONT-PAGE\SURFLOCAL 2010\website\blank version\cgi-bin\surflocal2010\surflocal\Templates\state-pages\mn.jpg <-- SURFLOCAL-2010 /htdocs/Templates/state-pages mn.jpg
2010.10.17 09:34 B C:\SURFLOCAL\FRONT-PAGE\SURFLOCAL 2010\website\blank version\cgi-bin\surflocal2010\surflocal\Templates\state-pages\mo-us.html <-- SURFLOCAL-2010 /htdocs/Templates/state-pages mo-us.html
2010.10.17 09:34 B C:\SURFLOCAL\FRONT-PAGE\SURFLOCAL 2010\website\blank version\cgi-bin\surflocal2010\surflocal\Templates\state-pages\mo.jpg <-- SURFLOCAL-2010 /htdocs/Templates/state-pages mo.jpg
2010.10.17 09:34 B C:\SURFLOCAL\FRONT-PAGE\SURFLOCAL 2010\website\blank version\cgi-bin\surflocal2010\surflocal\Templates\state-pages\montanaC.gif <-- SURFLOCAL-2010 /htdocs/Templates/state-pages montanaC.gif
2010.10.17 09:34 B C:\SURFLOCAL\FRONT-PAGE\SURFLOCAL 2010\website\blank version\cgi-bin\surflocal2010\surflocal\Templates\state-pages\ms-us.html <-- SURFLOCAL-2010 /htdocs/Templates/state-pages ms-us.html
2010.10.17 09:34 B C:\SURFLOCAL\FRONT-PAGE\SURFLOCAL 2010\website\blank version\cgi-bin\surflocal2010\surflocal\Templates\state-pages\ms.jpg <-- SURFLOCAL-2010 /htdocs/Templates/state-pages ms.jpg
2010.10.17 09:34 B C:\SURFLOCAL\FRONT-PAGE\SURFLOCAL 2010\website\blank version\cgi-bin\surflocal2010\surflocal\Templates\state-pages\mt-us.html <-- SURFLOCAL-2010 /htdocs/Templates/state-pages mt-us.html
2010.10.17 09:34 B C:\SURFLOCAL\FRONT-PAGE\SURFLOCAL 2010\website\blank version\cgi-bin\surflocal2010\surflocal\Templates\state-pages\mt.jpg <-- SURFLOCAL-2010 /htdocs/Templates/state-pages mt.jpg
2010.10.17 09:34 B C:\SURFLOCAL\FRONT-PAGE\SURFLOCAL 2010\website\blank version\cgi-bin\surflocal2010\surflocal\Templates\state-pages\nc-us.html <-- SURFLOCAL-2010 /htdocs/Templates/state-pages nc-us.html
2010.10.17 09:34 B C:\SURFLOCAL\FRONT-PAGE\SURFLOCAL 2010\website\blank version\cgi-bin\surflocal2010\surflocal\Templates\state-pages\nc.jpg <-- SURFLOCAL-2010 /htdocs/Templates/state-pages nc.jpg
2010.10.17 09:34 B C:\SURFLOCAL\FRONT-PAGE\SURFLOCAL 2010\website\blank version\cgi-bin\surflocal2010\surflocal\Templates\state-pages\nd-us.html <-- SURFLOCAL-2010 /htdocs/Templates/state-pages nd-us.html
2010.10.17 09:34 B C:\SURFLOCAL\FRONT-PAGE\SURFLOCAL 2010\website\blank version\cgi-bin\surflocal2010\surflocal\Templates\state-pages\nd.jpg <-- SURFLOCAL-2010 /htdocs/Templates/state-pages nd.jpg
2010.10.17 09:34 B C:\SURFLOCAL\FRONT-PAGE\SURFLOCAL 2010\website\blank version\cgi-bin\surflocal2010\surflocal\Templates\state-pages\ndakotaC.gif <-- SURFLOCAL-2010 /htdocs/Templates/state-pages ndakotaC.gif
2010.10.17 09:34 B C:\SURFLOCAL\FRONT-PAGE\SURFLOCAL 2010\website\blank version\cgi-bin\surflocal2010\surflocal\Templates\state-pages\ne-us.html <-- SURFLOCAL-2010 /htdocs/Templates/state-pages ne-us.html
2010.10.17 09:34 B C:\SURFLOCAL\FRONT-PAGE\SURFLOCAL 2010\website\blank version\cgi-bin\surflocal2010\surflocal\Templates\state-pages\ne.jpg <-- SURFLOCAL-2010 /htdocs/Templates/state-pages ne.jpg
2010.10.17 09:34 B C:\SURFLOCAL\FRONT-PAGE\SURFLOCAL 2010\website\blank version\cgi-bin\surflocal2010\surflocal\Templates\state-pages\nebraskaC.gif <-- SURFLOCAL-2010 /htdocs/Templates/state-pages nebraskaC.gif
2010.10.17 09:34 B C:\SURFLOCAL\FRONT-PAGE\SURFLOCAL 2010\website\blank version\cgi-bin\surflocal2010\surflocal\Templates\state-pages\nevadaC.gif <-- SURFLOCAL-2010 /htdocs/Templates/state-pages nevadaC.gif
2010.10.17 09:34 B C:\SURFLOCAL\FRONT-PAGE\SURFLOCAL 2010\website\blank version\cgi-bin\surflocal2010\surflocal\Templates\state-pages\newhampC.gif <-- SURFLOCAL-2010 /htdocs/Templates/state-pages newhampC.gif
2010.10.17 09:34 B C:\SURFLOCAL\FRONT-PAGE\SURFLOCAL 2010\website\blank version\cgi-bin\surflocal2010\surflocal\Templates\state-pages\newmexC.gif <-- SURFLOCAL-2010 /htdocs/Templates/state-pages newmexC.gif
2010.10.17 09:34 B C:\SURFLOCAL\FRONT-PAGE\SURFLOCAL 2010\website\blank version\cgi-bin\surflocal2010\surflocal\Templates\state-pages\newyorkC.gif <-- SURFLOCAL-2010 /htdocs/Templates/state-pages newyorkC.gif
2010.10.17 09:34 B C:\SURFLOCAL\FRONT-PAGE\SURFLOCAL 2010\website\blank version\cgi-bin\surflocal2010\surflocal\Templates\state-pages\nh-us.html <-- SURFLOCAL-2010 /htdocs/Templates/state-pages nh-us.html
2010.10.17 09:35 B C:\SURFLOCAL\FRONT-PAGE\SURFLOCAL 2010\website\blank version\cgi-bin\surflocal2010\surflocal\Templates\state-pages\nh.jpg <-- SURFLOCAL-2010 /htdocs/Templates/state-pages nh.jpg
2010.10.17 09:35 B C:\SURFLOCAL\FRONT-PAGE\SURFLOCAL 2010\website\blank version\cgi-bin\surflocal2010\surflocal\Templates\state-pages\nhampc.gif <-- SURFLOCAL-2010 /htdocs/Templates/state-pages nhampc.gif
2010.10.17 09:35 B C:\SURFLOCAL\FRONT-PAGE\SURFLOCAL 2010\website\blank version\cgi-bin\surflocal2010\surflocal\Templates\state-pages\nj-us.html <-- SURFLOCAL-2010 /htdocs/Templates/state-pages nj-us.html
2010.10.17 09:35 B C:\SURFLOCAL\FRONT-PAGE\SURFLOCAL 2010\website\blank version\cgi-bin\surflocal2010\surflocal\Templates\state-pages\nj.jpg <-- SURFLOCAL-2010 /htdocs/Templates/state-pages nj.jpg
2010.10.17 09:35 B C:\SURFLOCAL\FRONT-PAGE\SURFLOCAL 2010\website\blank version\cgi-bin\surflocal2010\surflocal\Templates\state-pages\nm-us.html <-- SURFLOCAL-2010 /htdocs/Templates/state-pages nm-us.html
2010.10.17 09:35 B C:\SURFLOCAL\FRONT-PAGE\SURFLOCAL 2010\website\blank version\cgi-bin\surflocal2010\surflocal\Templates\state-pages\nm.jpg <-- SURFLOCAL-2010 /htdocs/Templates/state-pages nm.jpg
2010.10.17 09:35 B C:\SURFLOCAL\FRONT-PAGE\SURFLOCAL 2010\website\blank version\cgi-bin\surflocal2010\surflocal\Templates\state-pages\norcarlC.gif <-- SURFLOCAL-2010 /htdocs/Templates/state-pages norcarlC.gif
2010.10.17 09:35 B C:\SURFLOCAL\FRONT-PAGE\SURFLOCAL 2010\website\blank version\cgi-bin\surflocal2010\surflocal\Templates\state-pages\nv-us.html <-- SURFLOCAL-2010 /htdocs/Templates/state-pages nv-us.html
2010.10.17 09:35 B C:\SURFLOCAL\FRONT-PAGE\SURFLOCAL 2010\website\blank version\cgi-bin\surflocal2010\surflocal\Templates\state-pages\nv.jpg <-- SURFLOCAL-2010 /htdocs/Templates/state-pages nv.jpg
2010.10.17 09:35 B C:\SURFLOCAL\FRONT-PAGE\SURFLOCAL 2010\website\blank version\cgi-bin\surflocal2010\surflocal\Templates\state-pages\nwjersyC.gif <-- SURFLOCAL-2010 /htdocs/Templates/state-pages nwjersyC.gif
2010.10.17 09:35 B C:\SURFLOCAL\FRONT-PAGE\SURFLOCAL 2010\website\blank version\cgi-bin\surflocal2010\surflocal\Templates\state-pages\ny-us.html <-- SURFLOCAL-2010 /htdocs/Templates/state-pages ny-us.html
2010.10.17 09:35 B C:\SURFLOCAL\FRONT-PAGE\SURFLOCAL 2010\website\blank version\cgi-bin\surflocal2010\surflocal\Templates\state-pages\ny.jpg <-- SURFLOCAL-2010 /htdocs/Templates/state-pages ny.jpg
2010.10.17 09:35 B C:\SURFLOCAL\FRONT-PAGE\SURFLOCAL 2010\website\blank version\cgi-bin\surflocal2010\surflocal\Templates\state-pages\oh-us.html <-- SURFLOCAL-2010 /htdocs/Templates/state-pages oh-us.html
2010.10.17 09:35 B C:\SURFLOCAL\FRONT-PAGE\SURFLOCAL 2010\website\blank version\cgi-bin\surflocal2010\surflocal\Templates\state-pages\oh.jpg <-- SURFLOCAL-2010 /htdocs/Templates/state-pages oh.jpg
2010.10.17 09:35 B C:\SURFLOCAL\FRONT-PAGE\SURFLOCAL 2010\website\blank version\cgi-bin\surflocal2010\surflocal\Templates\state-pages\ohioC.gif <-- SURFLOCAL-2010 /htdocs/Templates/state-pages ohioC.gif
2010.10.17 09:35 B C:\SURFLOCAL\FRONT-PAGE\SURFLOCAL 2010\website\blank version\cgi-bin\surflocal2010\surflocal\Templates\state-pages\ok-us.html <-- SURFLOCAL-2010 /htdocs/Templates/state-pages ok-us.html
2010.10.17 09:35 B C:\SURFLOCAL\FRONT-PAGE\SURFLOCAL 2010\website\blank version\cgi-bin\surflocal2010\surflocal\Templates\state-pages\ok.jpg <-- SURFLOCAL-2010 /htdocs/Templates/state-pages ok.jpg
2010.10.17 09:35 B C:\SURFLOCAL\FRONT-PAGE\SURFLOCAL 2010\website\blank version\cgi-bin\surflocal2010\surflocal\Templates\state-pages\oklahomC.gif <-- SURFLOCAL-2010 /htdocs/Templates/state-pages oklahomC.gif
2010.10.17 09:35 B C:\SURFLOCAL\FRONT-PAGE\SURFLOCAL 2010\website\blank version\cgi-bin\surflocal2010\surflocal\Templates\state-pages\or-us.html <-- SURFLOCAL-2010 /htdocs/Templates/state-pages or-us.html
2010.10.17 09:35 B C:\SURFLOCAL\FRONT-PAGE\SURFLOCAL 2010\website\blank version\cgi-bin\surflocal2010\surflocal\Templates\state-pages\or.jpg <-- SURFLOCAL-2010 /htdocs/Templates/state-pages or.jpg
2010.10.17 09:35 B C:\SURFLOCAL\FRONT-PAGE\SURFLOCAL 2010\website\blank version\cgi-bin\surflocal2010\surflocal\Templates\state-pages\oregonC.gif <-- SURFLOCAL-2010 /htdocs/Templates/state-pages oregonC.gif
2010.10.17 09:35 B C:\SURFLOCAL\FRONT-PAGE\SURFLOCAL 2010\website\blank version\cgi-bin\surflocal2010\surflocal\Templates\state-pages\pa-us.html <-- SURFLOCAL-2010 /htdocs/Templates/state-pages pa-us.html
2010.10.17 09:35 B C:\SURFLOCAL\FRONT-PAGE\SURFLOCAL 2010\website\blank version\cgi-bin\surflocal2010\surflocal\Templates\state-pages\pa.jpg <-- SURFLOCAL-2010 /htdocs/Templates/state-pages pa.jpg
2010.10.17 09:35 B C:\SURFLOCAL\FRONT-PAGE\SURFLOCAL 2010\website\blank version\cgi-bin\surflocal2010\surflocal\Templates\state-pages\pennsylC.gif <-- SURFLOCAL-2010 /htdocs/Templates/state-pages pennsylC.gif
2010.10.17 09:35 B C:\SURFLOCAL\FRONT-PAGE\SURFLOCAL 2010\website\blank version\cgi-bin\surflocal2010\surflocal\Templates\state-pages\ri-us.html <-- SURFLOCAL-2010 /htdocs/Templates/state-pages ri-us.html
2010.10.17 09:35 B C:\SURFLOCAL\FRONT-PAGE\SURFLOCAL 2010\website\blank version\cgi-bin\surflocal2010\surflocal\Templates\state-pages\ri.jpg <-- SURFLOCAL-2010 /htdocs/Templates/state-pages ri.jpg
2010.10.17 09:35 B C:\SURFLOCAL\FRONT-PAGE\SURFLOCAL 2010\website\blank version\cgi-bin\surflocal2010\surflocal\Templates\state-pages\rislandC.gif <-- SURFLOCAL-2010 /htdocs/Templates/state-pages rislandC.gif
2010.10.17 09:35 B C:\SURFLOCAL\FRONT-PAGE\SURFLOCAL 2010\website\blank version\cgi-bin\surflocal2010\surflocal\Templates\state-pages\sc-us.html <-- SURFLOCAL-2010 /htdocs/Templates/state-pages sc-us.html
2010.10.17 09:35 B C:\SURFLOCAL\FRONT-PAGE\SURFLOCAL 2010\website\blank version\cgi-bin\surflocal2010\surflocal\Templates\state-pages\sc.jpg <-- SURFLOCAL-2010 /htdocs/Templates/state-pages sc.jpg
2010.10.17 09:35 B C:\SURFLOCAL\FRONT-PAGE\SURFLOCAL 2010\website\blank version\cgi-bin\surflocal2010\surflocal\Templates\state-pages\sd-us.html <-- SURFLOCAL-2010 /htdocs/Templates/state-pages sd-us.html
2010.10.17 09:35 B C:\SURFLOCAL\FRONT-PAGE\SURFLOCAL 2010\website\blank version\cgi-bin\surflocal2010\surflocal\Templates\state-pages\sd.jpg <-- SURFLOCAL-2010 /htdocs/Templates/state-pages sd.jpg
2010.10.17 09:35 B C:\SURFLOCAL\FRONT-PAGE\SURFLOCAL 2010\website\blank version\cgi-bin\surflocal2010\surflocal\Templates\state-pages\sdakotaC.gif <-- SURFLOCAL-2010 /htdocs/Templates/state-pages sdakotaC.gif
2010.10.17 09:35 B C:\SURFLOCAL\FRONT-PAGE\SURFLOCAL 2010\website\blank version\cgi-bin\surflocal2010\surflocal\Templates\state-pages\small-state-map.html <-- SURFLOCAL-2010 /htdocs/Templates/state-pages small-state-map.html
2010.10.17 09:35 B C:\SURFLOCAL\FRONT-PAGE\SURFLOCAL 2010\website\blank version\cgi-bin\surflocal2010\surflocal\Templates\state-pages\sorcarlC.gif <-- SURFLOCAL-2010 /htdocs/Templates/state-pages sorcarlC.gif
2010.10.17 09:35 B C:\SURFLOCAL\FRONT-PAGE\SURFLOCAL 2010\website\blank version\cgi-bin\surflocal2010\surflocal\Templates\state-pages\state-image-map.html <-- SURFLOCAL-2010 /htdocs/Templates/state-pages state-image-map.html
2010.10.17 09:35 B C:\SURFLOCAL\FRONT-PAGE\SURFLOCAL 2010\website\blank version\cgi-bin\surflocal2010\surflocal\Templates\state-pages\template.html <-- SURFLOCAL-2010 /htdocs/Templates/state-pages template.html
2010.10.17 09:35 B C:\SURFLOCAL\FRONT-PAGE\SURFLOCAL 2010\website\blank version\cgi-bin\surflocal2010\surflocal\Templates\state-pages\tennessC.gif <-- SURFLOCAL-2010 /htdocs/Templates/state-pages tennessC.gif
2010.10.17 09:35 B C:\SURFLOCAL\FRONT-PAGE\SURFLOCAL 2010\website\blank version\cgi-bin\surflocal2010\surflocal\Templates\state-pages\texasC.gif <-- SURFLOCAL-2010 /htdocs/Templates/state-pages texasC.gif
2010.10.17 09:35 B C:\SURFLOCAL\FRONT-PAGE\SURFLOCAL 2010\website\blank version\cgi-bin\surflocal2010\surflocal\Templates\state-pages\tn-us.html <-- SURFLOCAL-2010 /htdocs/Templates/state-pages tn-us.html
2010.10.17 09:35 B C:\SURFLOCAL\FRONT-PAGE\SURFLOCAL 2010\website\blank version\cgi-bin\surflocal2010\surflocal\Templates\state-pages\tn.jpg <-- SURFLOCAL-2010 /htdocs/Templates/state-pages tn.jpg
2010.10.17 09:35 B C:\SURFLOCAL\FRONT-PAGE\SURFLOCAL 2010\website\blank version\cgi-bin\surflocal2010\surflocal\Templates\state-pages\tx-us.html <-- SURFLOCAL-2010 /htdocs/Templates/state-pages tx-us.html
2010.10.17 09:35 B C:\SURFLOCAL\FRONT-PAGE\SURFLOCAL 2010\website\blank version\cgi-bin\surflocal2010\surflocal\Templates\state-pages\tx.jpg <-- SURFLOCAL-2010 /htdocs/Templates/state-pages tx.jpg
2010.10.17 09:35 B C:\SURFLOCAL\FRONT-PAGE\SURFLOCAL 2010\website\blank version\cgi-bin\surflocal2010\surflocal\Templates\state-pages\ut-us.html <-- SURFLOCAL-2010 /htdocs/Templates/state-pages ut-us.html
2010.10.17 09:35 B C:\SURFLOCAL\FRONT-PAGE\SURFLOCAL 2010\website\blank version\cgi-bin\surflocal2010\surflocal\Templates\state-pages\ut.jpg <-- SURFLOCAL-2010 /htdocs/Templates/state-pages ut.jpg
2010.10.17 09:35 B C:\SURFLOCAL\FRONT-PAGE\SURFLOCAL 2010\website\blank version\cgi-bin\surflocal2010\surflocal\Templates\state-pages\utahC.gif <-- SURFLOCAL-2010 /htdocs/Templates/state-pages utahC.gif
2010.10.17 09:35 B C:\SURFLOCAL\FRONT-PAGE\SURFLOCAL 2010\website\blank version\cgi-bin\surflocal2010\surflocal\Templates\state-pages\va-us.html <-- SURFLOCAL-2010 /htdocs/Templates/state-pages va-us.html
2010.10.17 09:35 B C:\SURFLOCAL\FRONT-PAGE\SURFLOCAL 2010\website\blank version\cgi-bin\surflocal2010\surflocal\Templates\state-pages\va.jpg <-- SURFLOCAL-2010 /htdocs/Templates/state-pages va.jpg
2010.10.17 09:35 B C:\SURFLOCAL\FRONT-PAGE\SURFLOCAL 2010\website\blank version\cgi-bin\surflocal2010\surflocal\Templates\state-pages\vermontC.gif <-- SURFLOCAL-2010 /htdocs/Templates/state-pages vermontC.gif
2010.10.17 09:35 B C:\SURFLOCAL\FRONT-PAGE\SURFLOCAL 2010\website\blank version\cgi-bin\surflocal2010\surflocal\Templates\state-pages\virginC.gif <-- SURFLOCAL-2010 /htdocs/Templates/state-pages virginC.gif
2010.10.17 09:35 B C:\SURFLOCAL\FRONT-PAGE\SURFLOCAL 2010\website\blank version\cgi-bin\surflocal2010\surflocal\Templates\state-pages\vt-us.html <-- SURFLOCAL-2010 /htdocs/Templates/state-pages vt-us.html
2010.10.17 09:35 B C:\SURFLOCAL\FRONT-PAGE\SURFLOCAL 2010\website\blank version\cgi-bin\surflocal2010\surflocal\Templates\state-pages\vt.jpg <-- SURFLOCAL-2010 /htdocs/Templates/state-pages vt.jpg
2010.10.17 09:35 B C:\SURFLOCAL\FRONT-PAGE\SURFLOCAL 2010\website\blank version\cgi-bin\surflocal2010\surflocal\Templates\state-pages\wa-us.html <-- SURFLOCAL-2010 /htdocs/Templates/state-pages wa-us.html
2010.10.17 09:35 B C:\SURFLOCAL\FRONT-PAGE\SURFLOCAL 2010\website\blank version\cgi-bin\surflocal2010\surflocal\Templates\state-pages\wa.jpg <-- SURFLOCAL-2010 /htdocs/Templates/state-pages wa.jpg
2010.10.17 09:35 B C:\SURFLOCAL\FRONT-PAGE\SURFLOCAL 2010\website\blank version\cgi-bin\surflocal2010\surflocal\Templates\state-pages\washC.gif <-- SURFLOCAL-2010 /htdocs/Templates/state-pages washC.gif
2010.10.17 09:35 B C:\SURFLOCAL\FRONT-PAGE\SURFLOCAL 2010\website\blank version\cgi-bin\surflocal2010\surflocal\Templates\state-pages\wi-us.html <-- SURFLOCAL-2010 /htdocs/Templates/state-pages wi-us.html
2010.10.17 09:36 B C:\SURFLOCAL\FRONT-PAGE\SURFLOCAL 2010\website\blank version\cgi-bin\surflocal2010\surflocal\Templates\state-pages\wi.jpg <-- SURFLOCAL-2010 /htdocs/Templates/state-pages wi.jpg
2010.10.17 09:36 B C:\SURFLOCAL\FRONT-PAGE\SURFLOCAL 2010\website\blank version\cgi-bin\surflocal2010\surflocal\Templates\state-pages\wiscnsnC.gif <-- SURFLOCAL-2010 /htdocs/Templates/state-pages wiscnsnC.gif
2010.10.17 09:36 B C:\SURFLOCAL\FRONT-PAGE\SURFLOCAL 2010\website\blank version\cgi-bin\surflocal2010\surflocal\Templates\state-pages\wv-us.html <-- SURFLOCAL-2010 /htdocs/Templates/state-pages wv-us.html
2010.10.17 09:36 B C:\SURFLOCAL\FRONT-PAGE\SURFLOCAL 2010\website\blank version\cgi-bin\surflocal2010\surflocal\Templates\state-pages\wv.jpg <-- SURFLOCAL-2010 /htdocs/Templates/state-pages wv.jpg
2010.10.17 09:36 B C:\SURFLOCAL\FRONT-PAGE\SURFLOCAL 2010\website\blank version\cgi-bin\surflocal2010\surflocal\Templates\state-pages\wvirginC.gif <-- SURFLOCAL-2010 /htdocs/Templates/state-pages wvirginC.gif
2010.10.17 09:36 B C:\SURFLOCAL\FRONT-PAGE\SURFLOCAL 2010\website\blank version\cgi-bin\surflocal2010\surflocal\Templates\state-pages\wy-us.html <-- SURFLOCAL-2010 /htdocs/Templates/state-pages wy-us.html
2010.10.17 09:36 B C:\SURFLOCAL\FRONT-PAGE\SURFLOCAL 2010\website\blank version\cgi-bin\surflocal2010\surflocal\Templates\state-pages\wy.jpg <-- SURFLOCAL-2010 /htdocs/Templates/state-pages wy.jpg
